\BOOKMARK [0][-]{chapter.1}{\376\377\0001\000\040\000N\000S\000B\000\040\000S\000o\000l\000v\000e\000r\000\040\000D\000o\000c\000u\000m\000e\000n\000t\000a\000t\000i\000o\000n}{}% 1
\BOOKMARK [1][-]{subsection.1.0.1}{\376\377\0001\000.\0000\000.\0001\000\040\330\075\335\027\000\040\000N\000a\000v\000i\000g\000a\000t\000i\000o\000n}{chapter.1}% 2
\BOOKMARK [0][-]{chapter.2}{\376\377\0002\000\040\000D\000e\000p\000r\000e\000c\000a\000t\000e\000d\000\040\000L\000i\000s\000t}{}% 3
\BOOKMARK [0][-]{chapter.3}{\376\377\0003\000\040\000N\000a\000m\000e\000s\000p\000a\000c\000e\000\040\000I\000n\000d\000e\000x}{}% 4
\BOOKMARK [1][-]{section.3.1}{\376\377\0003\000.\0001\000\040\000N\000a\000m\000e\000s\000p\000a\000c\000e\000\040\000L\000i\000s\000t}{chapter.3}% 5
\BOOKMARK [0][-]{chapter.4}{\376\377\0004\000\040\000C\000l\000a\000s\000s\000\040\000I\000n\000d\000e\000x}{}% 6
\BOOKMARK [1][-]{section.4.1}{\376\377\0004\000.\0001\000\040\000C\000l\000a\000s\000s\000\040\000L\000i\000s\000t}{chapter.4}% 7
\BOOKMARK [0][-]{chapter.5}{\376\377\0005\000\040\000F\000i\000l\000e\000\040\000I\000n\000d\000e\000x}{}% 8
\BOOKMARK [1][-]{section.5.1}{\376\377\0005\000.\0001\000\040\000F\000i\000l\000e\000\040\000L\000i\000s\000t}{chapter.5}% 9
\BOOKMARK [0][-]{chapter.6}{\376\377\0006\000\040\000N\000a\000m\000e\000s\000p\000a\000c\000e\000\040\000D\000o\000c\000u\000m\000e\000n\000t\000a\000t\000i\000o\000n}{}% 10
\BOOKMARK [1][-]{section.6.1}{\376\377\0006\000.\0001\000\040\000C\000o\000n\000f\000i\000g\000F\000u\000n\000c\000s\000\040\000N\000a\000m\000e\000s\000p\000a\000c\000e\000\040\000R\000e\000f\000e\000r\000e\000n\000c\000e}{chapter.6}% 11
\BOOKMARK [2][-]{subsection.6.1.1}{\376\377\0006\000.\0001\000.\0001\000\040\000F\000u\000n\000c\000t\000i\000o\000n\000\040\000D\000o\000c\000u\000m\000e\000n\000t\000a\000t\000i\000o\000n}{section.6.1}% 12
\BOOKMARK [3][-]{subsubsection.6.1.1.1}{\376\377\0006\000.\0001\000.\0001\000.\0001\000\040\000b\000c\000u\000\137\000f\000u\000n\000c\000\050\000\051}{subsection.6.1.1}% 13
\BOOKMARK [3][-]{subsubsection.6.1.1.2}{\376\377\0006\000.\0001\000.\0001\000.\0002\000\040\000b\000c\000v\000\137\000f\000u\000n\000c\000\050\000\051}{subsection.6.1.1}% 14
\BOOKMARK [3][-]{subsubsection.6.1.1.3}{\376\377\0006\000.\0001\000.\0001\000.\0003\000\040\000b\000c\000w\000\137\000f\000u\000n\000c\000\050\000\051}{subsection.6.1.1}% 15
\BOOKMARK [3][-]{subsubsection.6.1.1.4}{\376\377\0006\000.\0001\000.\0001\000.\0004\000\040\000f\000x\000\137\000f\000u\000n\000c\000\050\000\051}{subsection.6.1.1}% 16
\BOOKMARK [3][-]{subsubsection.6.1.1.5}{\376\377\0006\000.\0001\000.\0001\000.\0005\000\040\000f\000y\000\137\000f\000u\000n\000c\000\050\000\051}{subsection.6.1.1}% 17
\BOOKMARK [3][-]{subsubsection.6.1.1.6}{\376\377\0006\000.\0001\000.\0001\000.\0006\000\040\000f\000z\000\137\000f\000u\000n\000c\000\050\000\051}{subsection.6.1.1}% 18
\BOOKMARK [3][-]{subsubsection.6.1.1.7}{\376\377\0006\000.\0001\000.\0001\000.\0007\000\040\000k\000\137\000f\000u\000n\000c\000\050\000\051}{subsection.6.1.1}% 19
\BOOKMARK [3][-]{subsubsection.6.1.1.8}{\376\377\0006\000.\0001\000.\0001\000.\0008\000\040\000p\000\137\000i\000n\000i\000t\000\137\000f\000u\000n\000c\000\050\000\051}{subsection.6.1.1}% 20
\BOOKMARK [3][-]{subsubsection.6.1.1.9}{\376\377\0006\000.\0001\000.\0001\000.\0009\000\040\000u\000\137\000i\000n\000i\000t\000\137\000f\000u\000n\000c\000\050\000\051}{subsection.6.1.1}% 21
\BOOKMARK [3][-]{subsubsection.6.1.1.10}{\376\377\0006\000.\0001\000.\0001\000.\0001\0000\000\040\000v\000\137\000i\000n\000i\000t\000\137\000f\000u\000n\000c\000\050\000\051}{subsection.6.1.1}% 22
\BOOKMARK [3][-]{subsubsection.6.1.1.11}{\376\377\0006\000.\0001\000.\0001\000.\0001\0001\000\040\000w\000\137\000i\000n\000i\000t\000\137\000f\000u\000n\000c\000\050\000\051}{subsection.6.1.1}% 23
\BOOKMARK [1][-]{section.6.2}{\376\377\0006\000.\0002\000\040\000d\000i\000s\000p\000l\000a\000y\000E\000r\000r\000o\000r\000\040\000N\000a\000m\000e\000s\000p\000a\000c\000e\000\040\000R\000e\000f\000e\000r\000e\000n\000c\000e}{chapter.6}% 24
\BOOKMARK [2][-]{subsection.6.2.1}{\376\377\0006\000.\0002\000.\0001\000\040\000F\000u\000n\000c\000t\000i\000o\000n\000\040\000D\000o\000c\000u\000m\000e\000n\000t\000a\000t\000i\000o\000n}{section.6.2}% 25
\BOOKMARK [3][-]{subsubsection.6.2.1.1}{\376\377\0006\000.\0002\000.\0001\000.\0001\000\040\000g\000e\000t\000\137\000s\000t\000e\000p\000\137\000f\000r\000o\000m\000\137\000f\000i\000l\000e\000n\000a\000m\000e\000\050\000\051}{subsection.6.2.1}% 26
\BOOKMARK [3][-]{subsubsection.6.2.1.2}{\376\377\0006\000.\0002\000.\0001\000.\0002\000\040\000m\000a\000i\000n\000\050\000\051}{subsection.6.2.1}% 27
\BOOKMARK [3][-]{subsubsection.6.2.1.3}{\376\377\0006\000.\0002\000.\0001\000.\0003\000\040\000p\000\137\000a\000n\000a\000\050\000\051}{subsection.6.2.1}% 28
\BOOKMARK [3][-]{subsubsection.6.2.1.4}{\376\377\0006\000.\0002\000.\0001\000.\0004\000\040\000u\000\137\000a\000n\000a\000\050\000\051}{subsection.6.2.1}% 29
\BOOKMARK [3][-]{subsubsection.6.2.1.5}{\376\377\0006\000.\0002\000.\0001\000.\0005\000\040\000v\000\137\000a\000n\000a\000\050\000\051}{subsection.6.2.1}% 30
\BOOKMARK [3][-]{subsubsection.6.2.1.6}{\376\377\0006\000.\0002\000.\0001\000.\0006\000\040\000w\000\137\000a\000n\000a\000\050\000\051}{subsection.6.2.1}% 31
\BOOKMARK [2][-]{subsection.6.2.2}{\376\377\0006\000.\0002\000.\0002\000\040\000V\000a\000r\000i\000a\000b\000l\000e\000\040\000D\000o\000c\000u\000m\000e\000n\000t\000a\000t\000i\000o\000n}{section.6.2}% 32
\BOOKMARK [3][-]{subsubsection.6.2.2.1}{\376\377\0006\000.\0002\000.\0002\000.\0001\000\040\000C\000O\000N\000F\000I\000G\000\137\000F\000I\000L\000E}{subsection.6.2.2}% 33
\BOOKMARK [3][-]{subsubsection.6.2.2.2}{\376\377\0006\000.\0002\000.\0002\000.\0002\000\040\000D\000O\000M\000A\000I\000N\000\137\000L\000E\000N\000\137\000X}{subsection.6.2.2}% 34
\BOOKMARK [3][-]{subsubsection.6.2.2.3}{\376\377\0006\000.\0002\000.\0002\000.\0003\000\040\000D\000T}{subsection.6.2.2}% 35
\BOOKMARK [3][-]{subsubsection.6.2.2.4}{\376\377\0006\000.\0002\000.\0002\000.\0004\000\040\000E\000R\000R\000O\000R\000\137\000D\000I\000R}{subsection.6.2.2}% 36
\BOOKMARK [3][-]{subsubsection.6.2.2.5}{\376\377\0006\000.\0002\000.\0002\000.\0005\000\040\000E\000X\000E\000C\000U\000T\000A\000B\000L\000E}{subsection.6.2.2}% 37
\BOOKMARK [3][-]{subsubsection.6.2.2.6}{\376\377\0006\000.\0002\000.\0002\000.\0006\000\040\000N\000X}{subsection.6.2.2}% 38
\BOOKMARK [3][-]{subsubsection.6.2.2.7}{\376\377\0006\000.\0002\000.\0002\000.\0007\000\040\000O\000U\000T\000P\000U\000T\000\137\000D\000I\000R}{subsection.6.2.2}% 39
\BOOKMARK [3][-]{subsubsection.6.2.2.8}{\376\377\0006\000.\0002\000.\0002\000.\0008\000\040\000O\000U\000T\000P\000U\000T\000\137\000F\000R\000E\000Q}{subsection.6.2.2}% 40
\BOOKMARK [3][-]{subsubsection.6.2.2.9}{\376\377\0006\000.\0002\000.\0002\000.\0009\000\040\000T\000\137\000E\000N\000D}{subsection.6.2.2}% 41
\BOOKMARK [1][-]{section.6.3}{\376\377\0006\000.\0003\000\040\000I\000n\000i\000t\000i\000a\000l\000i\000z\000e\000r\000\040\000N\000a\000m\000e\000s\000p\000a\000c\000e\000\040\000R\000e\000f\000e\000r\000e\000n\000c\000e}{chapter.6}% 42
\BOOKMARK [2][-]{subsection.6.3.1}{\376\377\0006\000.\0003\000.\0001\000\040\000F\000u\000n\000c\000t\000i\000o\000n\000\040\000D\000o\000c\000u\000m\000e\000n\000t\000a\000t\000i\000o\000n}{section.6.3}% 43
\BOOKMARK [3][-]{subsubsection.6.3.1.1}{\376\377\0006\000.\0003\000.\0001\000.\0001\000\040\000i\000n\000i\000t\000i\000a\000l\000i\000z\000e\000F\000i\000e\000l\000d\000F\000r\000o\000m\000F\000u\000n\000c\000\050\000\051}{subsection.6.3.1}% 44
\BOOKMARK [3][-]{subsubsection.6.3.1.2}{\376\377\0006\000.\0003\000.\0001\000.\0002\000\040\000i\000n\000i\000t\000i\000a\000l\000i\000z\000e\000V\000e\000c\000t\000o\000r\000F\000i\000e\000l\000d\000F\000r\000o\000m\000F\000u\000n\000c\000\050\000\051}{subsection.6.3.1}% 45
\BOOKMARK [3][-]{subsubsection.6.3.1.3}{\376\377\0006\000.\0003\000.\0001\000.\0003\000\040\000s\000e\000t\000u\000p\000\050\000\051}{subsection.6.3.1}% 46
\BOOKMARK [1][-]{section.6.4}{\376\377\0006\000.\0004\000\040\000I\000n\000p\000u\000t\000R\000e\000a\000d\000e\000r\000\040\000N\000a\000m\000e\000s\000p\000a\000c\000e\000\040\000R\000e\000f\000e\000r\000e\000n\000c\000e}{chapter.6}% 47
\BOOKMARK [2][-]{subsection.6.4.1}{\376\377\0006\000.\0004\000.\0001\000\040\000F\000u\000n\000c\000t\000i\000o\000n\000\040\000D\000o\000c\000u\000m\000e\000n\000t\000a\000t\000i\000o\000n}{section.6.4}% 48
\BOOKMARK [3][-]{subsubsection.6.4.1.1}{\376\377\0006\000.\0004\000.\0001\000.\0001\000\040\000r\000e\000a\000d\000\050\000\051}{subsection.6.4.1}% 49
\BOOKMARK [1][-]{section.6.5}{\376\377\0006\000.\0005\000\040\000p\000l\000o\000t\000\137\000c\000o\000n\000v\000e\000r\000g\000e\000n\000c\000e\000\040\000N\000a\000m\000e\000s\000p\000a\000c\000e\000\040\000R\000e\000f\000e\000r\000e\000n\000c\000e}{chapter.6}% 50
\BOOKMARK [2][-]{subsection.6.5.1}{\376\377\0006\000.\0005\000.\0001\000\040\000D\000e\000t\000a\000i\000l\000e\000d\000\040\000D\000e\000s\000c\000r\000i\000p\000t\000i\000o\000n}{section.6.5}% 51
\BOOKMARK [2][-]{subsection.6.5.2}{\376\377\0006\000.\0005\000.\0002\000\040\000F\000u\000n\000c\000t\000i\000o\000n\000\040\000D\000o\000c\000u\000m\000e\000n\000t\000a\000t\000i\000o\000n}{section.6.5}% 52
\BOOKMARK [3][-]{subsubsection.6.5.2.1}{\376\377\0006\000.\0005\000.\0002\000.\0001\000\040\000c\000a\000l\000c\000u\000l\000a\000t\000e\000\137\000l\0002\000\137\000r\000m\000s\000\050\000\051}{subsection.6.5.2}% 53
\BOOKMARK [3][-]{subsubsection.6.5.2.2}{\376\377\0006\000.\0005\000.\0002\000.\0002\000\040\000c\000a\000l\000c\000u\000l\000a\000t\000e\000\137\000l\0002\000\137\000r\000m\000s\000\137\000e\000r\000r\000o\000r\000\050\000\051}{subsection.6.5.2}% 54
\BOOKMARK [3][-]{subsubsection.6.5.2.3}{\376\377\0006\000.\0005\000.\0002\000.\0003\000\040\000c\000o\000m\000p\000u\000t\000e\000\137\000a\000n\000a\000l\000y\000t\000i\000c\000a\000l\000\137\000p\000\137\000a\000t\000\137\000c\000e\000n\000t\000e\000r\000s\000\050\000\051}{subsection.6.5.2}% 55
\BOOKMARK [3][-]{subsubsection.6.5.2.4}{\376\377\0006\000.\0005\000.\0002\000.\0004\000\040\000c\000o\000m\000p\000u\000t\000e\000\137\000a\000n\000a\000l\000y\000t\000i\000c\000a\000l\000\137\000u\000\137\000a\000t\000\137\000x\000\137\000f\000a\000c\000e\000s\000\050\000\051}{subsection.6.5.2}% 56
\BOOKMARK [3][-]{subsubsection.6.5.2.5}{\376\377\0006\000.\0005\000.\0002\000.\0005\000\040\000c\000o\000m\000p\000u\000t\000e\000\137\000a\000n\000a\000l\000y\000t\000i\000c\000a\000l\000\137\000v\000\137\000a\000t\000\137\000y\000\137\000f\000a\000c\000e\000s\000\050\000\051}{subsection.6.5.2}% 57
\BOOKMARK [3][-]{subsubsection.6.5.2.6}{\376\377\0006\000.\0005\000.\0002\000.\0006\000\040\000c\000o\000m\000p\000u\000t\000e\000\137\000a\000n\000a\000l\000y\000t\000i\000c\000a\000l\000\137\000w\000\137\000a\000t\000\137\000z\000\137\000f\000a\000c\000e\000s\000\050\000\051}{subsection.6.5.2}% 58
\BOOKMARK [3][-]{subsubsection.6.5.2.7}{\376\377\0006\000.\0005\000.\0002\000.\0007\000\040\000g\000e\000t\000\137\000s\000t\000e\000p\000\137\000f\000r\000o\000m\000\137\000f\000i\000l\000e\000n\000a\000m\000e\000\050\000\051}{subsection.6.5.2}% 59
\BOOKMARK [3][-]{subsubsection.6.5.2.8}{\376\377\0006\000.\0005\000.\0002\000.\0008\000\040\000p\000l\000o\000t\000\137\000c\000o\000n\000v\000e\000r\000g\000e\000n\000c\000e\000\050\000\051}{subsection.6.5.2}% 60
\BOOKMARK [3][-]{subsubsection.6.5.2.9}{\376\377\0006\000.\0005\000.\0002\000.\0009\000\040\000r\000u\000n\000\137\000a\000n\000a\000l\000y\000s\000i\000s\000\050\000\051}{subsection.6.5.2}% 61
\BOOKMARK [2][-]{subsection.6.5.3}{\376\377\0006\000.\0005\000.\0003\000\040\000V\000a\000r\000i\000a\000b\000l\000e\000\040\000D\000o\000c\000u\000m\000e\000n\000t\000a\000t\000i\000o\000n}{section.6.5}% 62
\BOOKMARK [3][-]{subsubsection.6.5.3.1}{\376\377\0006\000.\0005\000.\0003\000.\0001\000\040\000D\000O\000M\000A\000I\000N\000\137\000L\000E\000N\000G\000T\000H\000\137\000X}{subsection.6.5.3}% 63
\BOOKMARK [3][-]{subsubsection.6.5.3.2}{\376\377\0006\000.\0005\000.\0003\000.\0002\000\040\000D\000T}{subsection.6.5.3}% 64
\BOOKMARK [3][-]{subsubsection.6.5.3.3}{\376\377\0006\000.\0005\000.\0003\000.\0003\000\040\000P\000R\000E\000S\000S\000U\000R\000E\000\137\000F\000I\000E\000L\000D\000\137\000N\000A\000M\000E}{subsection.6.5.3}% 65
\BOOKMARK [3][-]{subsubsection.6.5.3.4}{\376\377\0006\000.\0005\000.\0003\000.\0004\000\040\000S\000I\000M\000U\000L\000A\000T\000I\000O\000N\000S}{subsection.6.5.3}% 66
\BOOKMARK [3][-]{subsubsection.6.5.3.5}{\376\377\0006\000.\0005\000.\0003\000.\0005\000\040\000V\000E\000L\000O\000C\000I\000T\000Y\000\137\000F\000I\000E\000L\000D\000\137\000N\000A\000M\000E}{subsection.6.5.3}% 67
\BOOKMARK [1][-]{section.6.6}{\376\377\0006\000.\0006\000\040\000p\000l\000o\000t\000\137\000c\000o\000n\000v\000e\000r\000g\000e\000n\000c\000e\000\137\000n\000e\000w\000\040\000N\000a\000m\000e\000s\000p\000a\000c\000e\000\040\000R\000e\000f\000e\000r\000e\000n\000c\000e}{chapter.6}% 68
\BOOKMARK [2][-]{subsection.6.6.1}{\376\377\0006\000.\0006\000.\0001\000\040\000D\000e\000t\000a\000i\000l\000e\000d\000\040\000D\000e\000s\000c\000r\000i\000p\000t\000i\000o\000n}{section.6.6}% 69
\BOOKMARK [2][-]{subsection.6.6.2}{\376\377\0006\000.\0006\000.\0002\000\040\000F\000u\000n\000c\000t\000i\000o\000n\000\040\000D\000o\000c\000u\000m\000e\000n\000t\000a\000t\000i\000o\000n}{section.6.6}% 70
\BOOKMARK [3][-]{subsubsection.6.6.2.1}{\376\377\0006\000.\0006\000.\0002\000.\0001\000\040\000c\000a\000l\000c\000u\000l\000a\000t\000e\000\137\000l\0002\000\137\000r\000m\000s\000\050\000\051}{subsection.6.6.2}% 71
\BOOKMARK [3][-]{subsubsection.6.6.2.2}{\376\377\0006\000.\0006\000.\0002\000.\0002\000\040\000c\000a\000l\000c\000u\000l\000a\000t\000e\000\137\000l\0002\000\137\000r\000m\000s\000\137\000e\000r\000r\000o\000r\000\050\000\051}{subsection.6.6.2}% 72
\BOOKMARK [3][-]{subsubsection.6.6.2.3}{\376\377\0006\000.\0006\000.\0002\000.\0003\000\040\000c\000o\000m\000p\000u\000t\000e\000\137\000a\000n\000a\000l\000y\000t\000i\000c\000a\000l\000\137\000p\000\137\000a\000t\000\137\000c\000e\000n\000t\000e\000r\000s\000\050\000\051}{subsection.6.6.2}% 73
\BOOKMARK [3][-]{subsubsection.6.6.2.4}{\376\377\0006\000.\0006\000.\0002\000.\0004\000\040\000c\000o\000m\000p\000u\000t\000e\000\137\000a\000n\000a\000l\000y\000t\000i\000c\000a\000l\000\137\000u\000\137\000a\000t\000\137\000x\000\137\000f\000a\000c\000e\000s\000\050\000\051}{subsection.6.6.2}% 74
\BOOKMARK [3][-]{subsubsection.6.6.2.5}{\376\377\0006\000.\0006\000.\0002\000.\0005\000\040\000c\000o\000m\000p\000u\000t\000e\000\137\000a\000n\000a\000l\000y\000t\000i\000c\000a\000l\000\137\000v\000\137\000a\000t\000\137\000y\000\137\000f\000a\000c\000e\000s\000\050\000\051}{subsection.6.6.2}% 75
\BOOKMARK [3][-]{subsubsection.6.6.2.6}{\376\377\0006\000.\0006\000.\0002\000.\0006\000\040\000c\000o\000m\000p\000u\000t\000e\000\137\000a\000n\000a\000l\000y\000t\000i\000c\000a\000l\000\137\000w\000\137\000a\000t\000\137\000z\000\137\000f\000a\000c\000e\000s\000\050\000\051}{subsection.6.6.2}% 76
\BOOKMARK [3][-]{subsubsection.6.6.2.7}{\376\377\0006\000.\0006\000.\0002\000.\0007\000\040\000g\000e\000t\000\137\000s\000t\000e\000p\000\137\000f\000r\000o\000m\000\137\000f\000i\000l\000e\000n\000a\000m\000e\000\050\000\051}{subsection.6.6.2}% 77
\BOOKMARK [3][-]{subsubsection.6.6.2.8}{\376\377\0006\000.\0006\000.\0002\000.\0008\000\040\000p\000l\000o\000t\000\137\000c\000o\000n\000v\000e\000r\000g\000e\000n\000c\000e\000\050\000\051}{subsection.6.6.2}% 78
\BOOKMARK [3][-]{subsubsection.6.6.2.9}{\376\377\0006\000.\0006\000.\0002\000.\0009\000\040\000r\000u\000n\000\137\000a\000n\000a\000l\000y\000s\000i\000s\000\050\000\051}{subsection.6.6.2}% 79
\BOOKMARK [2][-]{subsection.6.6.3}{\376\377\0006\000.\0006\000.\0003\000\040\000V\000a\000r\000i\000a\000b\000l\000e\000\040\000D\000o\000c\000u\000m\000e\000n\000t\000a\000t\000i\000o\000n}{section.6.6}% 80
\BOOKMARK [3][-]{subsubsection.6.6.3.1}{\376\377\0006\000.\0006\000.\0003\000.\0001\000\040\000D\000O\000M\000A\000I\000N\000\137\000L\000E\000N\000G\000T\000H\000\137\000X}{subsection.6.6.3}% 81
\BOOKMARK [3][-]{subsubsection.6.6.3.2}{\376\377\0006\000.\0006\000.\0003\000.\0002\000\040\000D\000T}{subsection.6.6.3}% 82
\BOOKMARK [3][-]{subsubsection.6.6.3.3}{\376\377\0006\000.\0006\000.\0003\000.\0003\000\040\000P\000R\000E\000S\000S\000U\000R\000E\000\137\000F\000I\000E\000L\000D\000\137\000N\000A\000M\000E}{subsection.6.6.3}% 83
\BOOKMARK [3][-]{subsubsection.6.6.3.4}{\376\377\0006\000.\0006\000.\0003\000.\0004\000\040\000S\000I\000M\000U\000L\000A\000T\000I\000O\000N\000S}{subsection.6.6.3}% 84
\BOOKMARK [3][-]{subsubsection.6.6.3.5}{\376\377\0006\000.\0006\000.\0003\000.\0005\000\040\000V\000E\000L\000O\000C\000I\000T\000Y\000\137\000F\000I\000E\000L\000D\000\137\000N\000A\000M\000E}{subsection.6.6.3}% 85
\BOOKMARK [1][-]{section.6.7}{\376\377\0006\000.\0007\000\040\000r\000u\000n\000\137\000c\000o\000n\000v\000e\000r\000g\000e\000n\000c\000e\000\137\000s\000t\000u\000d\000y\000\040\000N\000a\000m\000e\000s\000p\000a\000c\000e\000\040\000R\000e\000f\000e\000r\000e\000n\000c\000e}{chapter.6}% 86
\BOOKMARK [2][-]{subsection.6.7.1}{\376\377\0006\000.\0007\000.\0001\000\040\000F\000u\000n\000c\000t\000i\000o\000n\000\040\000D\000o\000c\000u\000m\000e\000n\000t\000a\000t\000i\000o\000n}{section.6.7}% 87
\BOOKMARK [3][-]{subsubsection.6.7.1.1}{\376\377\0006\000.\0007\000.\0001\000.\0001\000\040\000m\000a\000i\000n\000\050\000\051}{subsection.6.7.1}% 88
\BOOKMARK [2][-]{subsection.6.7.2}{\376\377\0006\000.\0007\000.\0002\000\040\000V\000a\000r\000i\000a\000b\000l\000e\000\040\000D\000o\000c\000u\000m\000e\000n\000t\000a\000t\000i\000o\000n}{section.6.7}% 89
\BOOKMARK [3][-]{subsubsection.6.7.2.1}{\376\377\0006\000.\0007\000.\0002\000.\0001\000\040\000C\000O\000N\000F\000I\000G\000\137\000P\000A\000T\000H}{subsection.6.7.2}% 90
\BOOKMARK [3][-]{subsubsection.6.7.2.2}{\376\377\0006\000.\0007\000.\0002\000.\0002\000\040\000E\000X\000E\000C\000U\000T\000A\000B\000L\000E\000\137\000P\000A\000T\000H}{subsection.6.7.2}% 91
\BOOKMARK [3][-]{subsubsection.6.7.2.3}{\376\377\0006\000.\0007\000.\0002\000.\0003\000\040\000E\000X\000P\000E\000C\000T\000E\000D\000\137\000L\000A\000S\000T\000\137\000S\000T\000E\000P}{subsection.6.7.2}% 92
\BOOKMARK [3][-]{subsubsection.6.7.2.4}{\376\377\0006\000.\0007\000.\0002\000.\0004\000\040\000N\000X\000\137\000V\000A\000L\000U\000E\000S}{subsection.6.7.2}% 93
\BOOKMARK [3][-]{subsubsection.6.7.2.5}{\376\377\0006\000.\0007\000.\0002\000.\0005\000\040\000O\000U\000T\000P\000U\000T\000\137\000D\000I\000R}{subsection.6.7.2}% 94
\BOOKMARK [1][-]{section.6.8}{\376\377\0006\000.\0008\000\040\000r\000u\000n\000\137\000c\000o\000n\000v\000e\000r\000g\000e\000n\000c\000e\000\137\000s\000t\000u\000d\000y\000\137\000n\000e\000w\000\040\000N\000a\000m\000e\000s\000p\000a\000c\000e\000\040\000R\000e\000f\000e\000r\000e\000n\000c\000e}{chapter.6}% 95
\BOOKMARK [2][-]{subsection.6.8.1}{\376\377\0006\000.\0008\000.\0001\000\040\000F\000u\000n\000c\000t\000i\000o\000n\000\040\000D\000o\000c\000u\000m\000e\000n\000t\000a\000t\000i\000o\000n}{section.6.8}% 96
\BOOKMARK [3][-]{subsubsection.6.8.1.1}{\376\377\0006\000.\0008\000.\0001\000.\0001\000\040\000c\000a\000l\000c\000u\000l\000a\000t\000e\000\137\000p\000a\000r\000a\000m\000s\000\137\000f\000o\000r\000\137\000m\000o\000d\000e\000\050\000\051}{subsection.6.8.1}% 97
\BOOKMARK [3][-]{subsubsection.6.8.1.2}{\376\377\0006\000.\0008\000.\0001\000.\0002\000\040\000m\000a\000i\000n\000\050\000\051}{subsection.6.8.1}% 98
\BOOKMARK [2][-]{subsection.6.8.2}{\376\377\0006\000.\0008\000.\0002\000\040\000V\000a\000r\000i\000a\000b\000l\000e\000\040\000D\000o\000c\000u\000m\000e\000n\000t\000a\000t\000i\000o\000n}{section.6.8}% 99
\BOOKMARK [3][-]{subsubsection.6.8.2.1}{\376\377\0006\000.\0008\000.\0002\000.\0001\000\040\000B\000A\000S\000E\000\137\000D\000T}{subsection.6.8.2}% 100
\BOOKMARK [3][-]{subsubsection.6.8.2.2}{\376\377\0006\000.\0008\000.\0002\000.\0002\000\040\000B\000A\000S\000E\000\137\000N\000X}{subsection.6.8.2}% 101
\BOOKMARK [3][-]{subsubsection.6.8.2.3}{\376\377\0006\000.\0008\000.\0002\000.\0003\000\040\000C\000O\000N\000F\000I\000G\000\137\000P\000A\000T\000H}{subsection.6.8.2}% 102
\BOOKMARK [3][-]{subsubsection.6.8.2.4}{\376\377\0006\000.\0008\000.\0002\000.\0004\000\040\000D\000T\000\137\000M\000U\000L\000T\000I\000P\000L\000I\000E\000R\000S\000\137\000F\000O\000R\000\137\000T\000E\000M\000P\000O\000R\000A\000L\000\137\000S\000T\000U\000D\000Y}{subsection.6.8.2}% 103
\BOOKMARK [3][-]{subsubsection.6.8.2.5}{\376\377\0006\000.\0008\000.\0002\000.\0005\000\040\000E\000X\000E\000C\000U\000T\000A\000B\000L\000E\000\137\000P\000A\000T\000H}{subsection.6.8.2}% 104
\BOOKMARK [3][-]{subsubsection.6.8.2.6}{\376\377\0006\000.\0008\000.\0002\000.\0006\000\040\000F\000I\000X\000E\000D\000\137\000N\000X\000\137\000F\000O\000R\000\137\000T\000E\000M\000P\000O\000R\000A\000L\000\137\000S\000T\000U\000D\000Y}{subsection.6.8.2}% 105
\BOOKMARK [3][-]{subsubsection.6.8.2.7}{\376\377\0006\000.\0008\000.\0002\000.\0007\000\040\000N\000X\000\137\000V\000A\000L\000U\000E\000S\000\137\000F\000O\000R\000\137\000S\000P\000A\000T\000I\000A\000L\000\137\000S\000T\000U\000D\000Y}{subsection.6.8.2}% 106
\BOOKMARK [3][-]{subsubsection.6.8.2.8}{\376\377\0006\000.\0008\000.\0002\000.\0008\000\040\000O\000U\000T\000P\000U\000T\000\137\000D\000I\000R}{subsection.6.8.2}% 107
\BOOKMARK [3][-]{subsubsection.6.8.2.9}{\376\377\0006\000.\0008\000.\0002\000.\0009\000\040\000S\000T\000U\000D\000Y\000\137\000M\000O\000D\000E}{subsection.6.8.2}% 108
\BOOKMARK [3][-]{subsubsection.6.8.2.10}{\376\377\0006\000.\0008\000.\0002\000.\0001\0000\000\040\000T\000\137\000E\000N\000D}{subsection.6.8.2}% 109
\BOOKMARK [0][-]{chapter.7}{\376\377\0007\000\040\000C\000l\000a\000s\000s\000\040\000D\000o\000c\000u\000m\000e\000n\000t\000a\000t\000i\000o\000n}{}% 110
\BOOKMARK [1][-]{section.7.1}{\376\377\0007\000.\0001\000\040\000D\000e\000r\000i\000v\000a\000t\000i\000v\000e\000s\000\040\000C\000l\000a\000s\000s\000\040\000R\000e\000f\000e\000r\000e\000n\000c\000e}{chapter.7}% 111
\BOOKMARK [2][-]{subsection.7.1.1}{\376\377\0007\000.\0001\000.\0001\000\040\000D\000e\000t\000a\000i\000l\000e\000d\000\040\000D\000e\000s\000c\000r\000i\000p\000t\000i\000o\000n}{section.7.1}% 112
\BOOKMARK [2][-]{subsection.7.1.2}{\376\377\0007\000.\0001\000.\0002\000\040\000M\000e\000m\000b\000e\000r\000\040\000F\000u\000n\000c\000t\000i\000o\000n\000\040\000D\000o\000c\000u\000m\000e\000n\000t\000a\000t\000i\000o\000n}{section.7.1}% 113
\BOOKMARK [3][-]{subsubsection.7.1.2.1}{\376\377\0007\000.\0001\000.\0002\000.\0001\000\040\000c\000o\000m\000p\000u\000t\000e\000D\000i\000v\000e\000r\000g\000e\000n\000c\000e\000\050\000\051}{subsection.7.1.2}% 114
\BOOKMARK [3][-]{subsubsection.7.1.2.2}{\376\377\0007\000.\0001\000.\0002\000.\0002\000\040\000c\000o\000m\000p\000u\000t\000e\000D\000x\000\137\000b\000w\000d\000\050\000\051}{subsection.7.1.2}% 115
\BOOKMARK [3][-]{subsubsection.7.1.2.3}{\376\377\0007\000.\0001\000.\0002\000.\0003\000\040\000c\000o\000m\000p\000u\000t\000e\000D\000x\000\137\000f\000w\000d\000\050\000\051}{subsection.7.1.2}% 116
\BOOKMARK [3][-]{subsubsection.7.1.2.4}{\376\377\0007\000.\0001\000.\0002\000.\0004\000\040\000c\000o\000m\000p\000u\000t\000e\000D\000x\000x\000\050\000\051\000\040\000[\0001\000/\0002\000]}{subsection.7.1.2}% 117
\BOOKMARK [3][-]{subsubsection.7.1.2.5}{\376\377\0007\000.\0001\000.\0002\000.\0005\000\040\000c\000o\000m\000p\000u\000t\000e\000D\000x\000x\000\050\000\051\000\040\000[\0002\000/\0002\000]}{subsection.7.1.2}% 118
\BOOKMARK [3][-]{subsubsection.7.1.2.6}{\376\377\0007\000.\0001\000.\0002\000.\0006\000\040\000c\000o\000m\000p\000u\000t\000e\000D\000y\000\137\000b\000w\000d\000\050\000\051}{subsection.7.1.2}% 119
\BOOKMARK [3][-]{subsubsection.7.1.2.7}{\376\377\0007\000.\0001\000.\0002\000.\0007\000\040\000c\000o\000m\000p\000u\000t\000e\000D\000y\000\137\000f\000w\000d\000\050\000\051}{subsection.7.1.2}% 120
\BOOKMARK [3][-]{subsubsection.7.1.2.8}{\376\377\0007\000.\0001\000.\0002\000.\0008\000\040\000c\000o\000m\000p\000u\000t\000e\000D\000y\000y\000\050\000\051\000\040\000[\0001\000/\0002\000]}{subsection.7.1.2}% 121
\BOOKMARK [3][-]{subsubsection.7.1.2.9}{\376\377\0007\000.\0001\000.\0002\000.\0009\000\040\000c\000o\000m\000p\000u\000t\000e\000D\000y\000y\000\050\000\051\000\040\000[\0002\000/\0002\000]}{subsection.7.1.2}% 122
\BOOKMARK [3][-]{subsubsection.7.1.2.10}{\376\377\0007\000.\0001\000.\0002\000.\0001\0000\000\040\000c\000o\000m\000p\000u\000t\000e\000D\000z\000\137\000b\000w\000d\000\050\000\051}{subsection.7.1.2}% 123
\BOOKMARK [3][-]{subsubsection.7.1.2.11}{\376\377\0007\000.\0001\000.\0002\000.\0001\0001\000\040\000c\000o\000m\000p\000u\000t\000e\000D\000z\000\137\000f\000w\000d\000\050\000\051}{subsection.7.1.2}% 124
\BOOKMARK [3][-]{subsubsection.7.1.2.12}{\376\377\0007\000.\0001\000.\0002\000.\0001\0002\000\040\000c\000o\000m\000p\000u\000t\000e\000D\000z\000z\000\050\000\051\000\040\000[\0001\000/\0002\000]}{subsection.7.1.2}% 125
\BOOKMARK [3][-]{subsubsection.7.1.2.13}{\376\377\0007\000.\0001\000.\0002\000.\0001\0003\000\040\000c\000o\000m\000p\000u\000t\000e\000D\000z\000z\000\050\000\051\000\040\000[\0002\000/\0002\000]}{subsection.7.1.2}% 126
\BOOKMARK [3][-]{subsubsection.7.1.2.14}{\376\377\0007\000.\0001\000.\0002\000.\0001\0004\000\040\000c\000o\000m\000p\000u\000t\000e\000G\000r\000a\000d\000i\000e\000n\000t\000\050\000\051}{subsection.7.1.2}% 127
\BOOKMARK [3][-]{subsubsection.7.1.2.15}{\376\377\0007\000.\0001\000.\0002\000.\0001\0005\000\040\000D\000x\000x\000\137\000l\000o\000c\000a\000l\000\050\000\051}{subsection.7.1.2}% 128
\BOOKMARK [3][-]{subsubsection.7.1.2.16}{\376\377\0007\000.\0001\000.\0002\000.\0001\0006\000\040\000D\000y\000y\000\137\000l\000o\000c\000a\000l\000\050\000\051}{subsection.7.1.2}% 129
\BOOKMARK [3][-]{subsubsection.7.1.2.17}{\376\377\0007\000.\0001\000.\0002\000.\0001\0007\000\040\000D\000z\000z\000\137\000l\000o\000c\000a\000l\000\050\000\051}{subsection.7.1.2}% 130
\BOOKMARK [1][-]{section.7.2}{\376\377\0007\000.\0002\000\040\000F\000i\000e\000l\000d\000\040\000C\000l\000a\000s\000s\000\040\000R\000e\000f\000e\000r\000e\000n\000c\000e}{chapter.7}% 131
\BOOKMARK [2][-]{subsection.7.2.1}{\376\377\0007\000.\0002\000.\0001\000\040\000D\000e\000t\000a\000i\000l\000e\000d\000\040\000D\000e\000s\000c\000r\000i\000p\000t\000i\000o\000n}{section.7.2}% 132
\BOOKMARK [2][-]{subsection.7.2.2}{\376\377\0007\000.\0002\000.\0002\000\040\000M\000e\000m\000b\000e\000r\000\040\000T\000y\000p\000e\000d\000e\000f\000\040\000D\000o\000c\000u\000m\000e\000n\000t\000a\000t\000i\000o\000n}{section.7.2}% 133
\BOOKMARK [3][-]{subsubsection.7.2.2.1}{\376\377\0007\000.\0002\000.\0002\000.\0001\000\040\000S\000c\000a\000l\000a\000r}{subsection.7.2.2}% 134
\BOOKMARK [2][-]{subsection.7.2.3}{\376\377\0007\000.\0002\000.\0003\000\040\000M\000e\000m\000b\000e\000r\000\040\000F\000u\000n\000c\000t\000i\000o\000n\000\040\000D\000o\000c\000u\000m\000e\000n\000t\000a\000t\000i\000o\000n}{section.7.2}% 135
\BOOKMARK [3][-]{subsubsection.7.2.3.1}{\376\377\0007\000.\0002\000.\0003\000.\0001\000\040\000a\000d\000d\000\050\000\051\000\040\000[\0001\000/\0002\000]}{subsection.7.2.3}% 136
\BOOKMARK [3][-]{subsubsection.7.2.3.2}{\376\377\0007\000.\0002\000.\0003\000.\0002\000\040\000a\000d\000d\000\050\000\051\000\040\000[\0002\000/\0002\000]}{subsection.7.2.3}% 137
\BOOKMARK [3][-]{subsubsection.7.2.3.3}{\376\377\0007\000.\0002\000.\0003\000.\0003\000\040\000g\000e\000t\000D\000a\000t\000a\000\050\000\051\000\040\000[\0001\000/\0002\000]}{subsection.7.2.3}% 138
\BOOKMARK [3][-]{subsubsection.7.2.3.4}{\376\377\0007\000.\0002\000.\0003\000.\0004\000\040\000g\000e\000t\000D\000a\000t\000a\000\050\000\051\000\040\000[\0002\000/\0002\000]}{subsection.7.2.3}% 139
\BOOKMARK [3][-]{subsubsection.7.2.3.5}{\376\377\0007\000.\0002\000.\0003\000.\0005\000\040\000g\000e\000t\000G\000r\000i\000d\000\050\000\051\000\040\000[\0001\000/\0002\000]}{subsection.7.2.3}% 140
\BOOKMARK [3][-]{subsubsection.7.2.3.6}{\376\377\0007\000.\0002\000.\0003\000.\0006\000\040\000g\000e\000t\000G\000r\000i\000d\000\050\000\051\000\040\000[\0002\000/\0002\000]}{subsection.7.2.3}% 141
\BOOKMARK [3][-]{subsubsection.7.2.3.7}{\376\377\0007\000.\0002\000.\0003\000.\0007\000\040\000i\000d\000x\000\050\000\051}{subsection.7.2.3}% 142
\BOOKMARK [3][-]{subsubsection.7.2.3.8}{\376\377\0007\000.\0002\000.\0003\000.\0008\000\040\000m\000u\000l\000t\000i\000p\000l\000y\000\050\000\051}{subsection.7.2.3}% 143
\BOOKMARK [3][-]{subsubsection.7.2.3.9}{\376\377\0007\000.\0002\000.\0003\000.\0009\000\040\000o\000p\000e\000r\000a\000t\000o\000r\000\050\000\051\000\050\000\051\000\040\000[\0001\000/\0002\000]}{subsection.7.2.3}% 144
\BOOKMARK [3][-]{subsubsection.7.2.3.10}{\376\377\0007\000.\0002\000.\0003\000.\0001\0000\000\040\000o\000p\000e\000r\000a\000t\000o\000r\000\050\000\051\000\050\000\051\000\040\000[\0002\000/\0002\000]}{subsection.7.2.3}% 145
\BOOKMARK [3][-]{subsubsection.7.2.3.11}{\376\377\0007\000.\0002\000.\0003\000.\0001\0001\000\040\000o\000p\000e\000r\000a\000t\000o\000r\000[\000]\000\050\000\051\000\040\000[\0001\000/\0002\000]}{subsection.7.2.3}% 146
\BOOKMARK [3][-]{subsubsection.7.2.3.12}{\376\377\0007\000.\0002\000.\0003\000.\0001\0002\000\040\000o\000p\000e\000r\000a\000t\000o\000r\000[\000]\000\050\000\051\000\040\000[\0002\000/\0002\000]}{subsection.7.2.3}% 147
\BOOKMARK [3][-]{subsubsection.7.2.3.13}{\376\377\0007\000.\0002\000.\0003\000.\0001\0003\000\040\000p\000o\000p\000u\000l\000a\000t\000e\000\050\000\051}{subsection.7.2.3}% 148
\BOOKMARK [3][-]{subsubsection.7.2.3.14}{\376\377\0007\000.\0002\000.\0003\000.\0001\0004\000\040\000r\000e\000s\000e\000t\000\050\000\051}{subsection.7.2.3}% 149
\BOOKMARK [3][-]{subsubsection.7.2.3.15}{\376\377\0007\000.\0002\000.\0003\000.\0001\0005\000\040\000s\000e\000t\000u\000p\000\050\000\051}{subsection.7.2.3}% 150
\BOOKMARK [3][-]{subsubsection.7.2.3.16}{\376\377\0007\000.\0002\000.\0003\000.\0001\0006\000\040\000v\000a\000l\000u\000e\000\050\000\051\000\040\000[\0001\000/\0002\000]}{subsection.7.2.3}% 151
\BOOKMARK [3][-]{subsubsection.7.2.3.17}{\376\377\0007\000.\0002\000.\0003\000.\0001\0007\000\040\000v\000a\000l\000u\000e\000\050\000\051\000\040\000[\0002\000/\0002\000]}{subsection.7.2.3}% 152
\BOOKMARK [3][-]{subsubsection.7.2.3.18}{\376\377\0007\000.\0002\000.\0003\000.\0001\0008\000\040\000v\000a\000l\000u\000e\000W\000i\000t\000h\000O\000f\000f\000s\000e\000t\000\050\000\051\000\040\000[\0001\000/\0002\000]}{subsection.7.2.3}% 153
\BOOKMARK [3][-]{subsubsection.7.2.3.19}{\376\377\0007\000.\0002\000.\0003\000.\0001\0009\000\040\000v\000a\000l\000u\000e\000W\000i\000t\000h\000O\000f\000f\000s\000e\000t\000\050\000\051\000\040\000[\0002\000/\0002\000]}{subsection.7.2.3}% 154
\BOOKMARK [2][-]{subsection.7.2.4}{\376\377\0007\000.\0002\000.\0004\000\040\000F\000r\000i\000e\000n\000d\000s\000\040\000A\000n\000d\000\040\000R\000e\000l\000a\000t\000e\000d\000\040\000F\000u\000n\000c\000t\000i\000o\000n\000\040\000D\000o\000c\000u\000m\000e\000n\000t\000a\000t\000i\000o\000n}{section.7.2}% 155
\BOOKMARK [3][-]{subsubsection.7.2.4.1}{\376\377\0007\000.\0002\000.\0004\000.\0001\000\040\000V\000e\000c\000t\000o\000r\000F\000i\000e\000l\000d}{subsection.7.2.4}% 156
\BOOKMARK [2][-]{subsection.7.2.5}{\376\377\0007\000.\0002\000.\0005\000\040\000M\000e\000m\000b\000e\000r\000\040\000D\000a\000t\000a\000\040\000D\000o\000c\000u\000m\000e\000n\000t\000a\000t\000i\000o\000n}{section.7.2}% 157
\BOOKMARK [3][-]{subsubsection.7.2.5.1}{\376\377\0007\000.\0002\000.\0005\000.\0001\000\040\000d\000a\000t\000a\000\137}{subsection.7.2.5}% 158
\BOOKMARK [3][-]{subsubsection.7.2.5.2}{\376\377\0007\000.\0002\000.\0005\000.\0002\000\040\000g\000r\000i\000d\000P\000t\000r\000\137}{subsection.7.2.5}% 159
\BOOKMARK [3][-]{subsubsection.7.2.5.3}{\376\377\0007\000.\0002\000.\0005\000.\0003\000\040\000o\000f\000f\000s\000e\000t\000\137}{subsection.7.2.5}% 160
\BOOKMARK [3][-]{subsubsection.7.2.5.4}{\376\377\0007\000.\0002\000.\0005\000.\0004\000\040\000o\000f\000f\000s\000e\000t\000A\000x\000i\000s\000\137}{subsection.7.2.5}% 161
\BOOKMARK [3][-]{subsubsection.7.2.5.5}{\376\377\0007\000.\0002\000.\0005\000.\0005\000\040\000p\000o\000p\000u\000l\000a\000t\000e\000F\000u\000n\000c\000t\000i\000o\000n\000\137}{subsection.7.2.5}% 162
\BOOKMARK [1][-]{section.7.3}{\376\377\0007\000.\0003\000\040\000G\000r\000i\000d\000\040\000S\000t\000r\000u\000c\000t\000\040\000R\000e\000f\000e\000r\000e\000n\000c\000e}{chapter.7}% 163
\BOOKMARK [2][-]{subsection.7.3.1}{\376\377\0007\000.\0003\000.\0001\000\040\000D\000e\000t\000a\000i\000l\000e\000d\000\040\000D\000e\000s\000c\000r\000i\000p\000t\000i\000o\000n}{section.7.3}% 164
\BOOKMARK [2][-]{subsection.7.3.2}{\376\377\0007\000.\0003\000.\0002\000\040\000C\000o\000n\000s\000t\000r\000u\000c\000t\000o\000r\000\040\000\046\000\040\000D\000e\000s\000t\000r\000u\000c\000t\000o\000r\000\040\000D\000o\000c\000u\000m\000e\000n\000t\000a\000t\000i\000o\000n}{section.7.3}% 165
\BOOKMARK [3][-]{subsubsection.7.3.2.1}{\376\377\0007\000.\0003\000.\0002\000.\0001\000\040\000G\000r\000i\000d\000\050\000\051}{subsection.7.3.2}% 166
\BOOKMARK [2][-]{subsection.7.3.3}{\376\377\0007\000.\0003\000.\0003\000\040\000M\000e\000m\000b\000e\000r\000\040\000F\000u\000n\000c\000t\000i\000o\000n\000\040\000D\000o\000c\000u\000m\000e\000n\000t\000a\000t\000i\000o\000n}{section.7.3}% 167
\BOOKMARK [3][-]{subsubsection.7.3.3.1}{\376\377\0007\000.\0003\000.\0003\000.\0001\000\040\000s\000i\000z\000e\000\050\000\051\000\040\000[\0001\000/\0002\000]}{subsection.7.3.3}% 168
\BOOKMARK [3][-]{subsubsection.7.3.3.2}{\376\377\0007\000.\0003\000.\0003\000.\0002\000\040\000s\000i\000z\000e\000\050\000\051\000\040\000[\0002\000/\0002\000]}{subsection.7.3.3}% 169
\BOOKMARK [3][-]{subsubsection.7.3.3.3}{\376\377\0007\000.\0003\000.\0003\000.\0003\000\040\000t\000o\000\137\000x\000\050\000\051}{subsection.7.3.3}% 170
\BOOKMARK [3][-]{subsubsection.7.3.3.4}{\376\377\0007\000.\0003\000.\0003\000.\0004\000\040\000t\000o\000\137\000y\000\050\000\051}{subsection.7.3.3}% 171
\BOOKMARK [3][-]{subsubsection.7.3.3.5}{\376\377\0007\000.\0003\000.\0003\000.\0005\000\040\000t\000o\000\137\000z\000\050\000\051}{subsection.7.3.3}% 172
\BOOKMARK [2][-]{subsection.7.3.4}{\376\377\0007\000.\0003\000.\0004\000\040\000M\000e\000m\000b\000e\000r\000\040\000D\000a\000t\000a\000\040\000D\000o\000c\000u\000m\000e\000n\000t\000a\000t\000i\000o\000n}{section.7.3}% 173
\BOOKMARK [3][-]{subsubsection.7.3.4.1}{\376\377\0007\000.\0003\000.\0004\000.\0001\000\040\000d\000x}{subsection.7.3.4}% 174
\BOOKMARK [3][-]{subsubsection.7.3.4.2}{\376\377\0007\000.\0003\000.\0004\000.\0002\000\040\000d\000y}{subsection.7.3.4}% 175
\BOOKMARK [3][-]{subsubsection.7.3.4.3}{\376\377\0007\000.\0003\000.\0004\000.\0003\000\040\000d\000z}{subsection.7.3.4}% 176
\BOOKMARK [3][-]{subsubsection.7.3.4.4}{\376\377\0007\000.\0003\000.\0004\000.\0004\000\040\000L\000x}{subsection.7.3.4}% 177
\BOOKMARK [3][-]{subsubsection.7.3.4.5}{\376\377\0007\000.\0003\000.\0004\000.\0005\000\040\000L\000y}{subsection.7.3.4}% 178
\BOOKMARK [3][-]{subsubsection.7.3.4.6}{\376\377\0007\000.\0003\000.\0004\000.\0006\000\040\000L\000z}{subsection.7.3.4}% 179
\BOOKMARK [3][-]{subsubsection.7.3.4.7}{\376\377\0007\000.\0003\000.\0004\000.\0007\000\040\000N\000x}{subsection.7.3.4}% 180
\BOOKMARK [3][-]{subsubsection.7.3.4.8}{\376\377\0007\000.\0003\000.\0004\000.\0008\000\040\000N\000y}{subsection.7.3.4}% 181
\BOOKMARK [3][-]{subsubsection.7.3.4.9}{\376\377\0007\000.\0003\000.\0004\000.\0009\000\040\000N\000z}{subsection.7.3.4}% 182
\BOOKMARK [1][-]{section.7.4}{\376\377\0007\000.\0004\000\040\000I\000n\000p\000u\000t\000D\000a\000t\000a\000\040\000S\000t\000r\000u\000c\000t\000\040\000R\000e\000f\000e\000r\000e\000n\000c\000e}{chapter.7}% 183
\BOOKMARK [2][-]{subsection.7.4.1}{\376\377\0007\000.\0004\000.\0001\000\040\000D\000e\000t\000a\000i\000l\000e\000d\000\040\000D\000e\000s\000c\000r\000i\000p\000t\000i\000o\000n}{section.7.4}% 184
\BOOKMARK [2][-]{subsection.7.4.2}{\376\377\0007\000.\0004\000.\0002\000\040\000M\000e\000m\000b\000e\000r\000\040\000D\000a\000t\000a\000\040\000D\000o\000c\000u\000m\000e\000n\000t\000a\000t\000i\000o\000n}{section.7.4}% 185
\BOOKMARK [3][-]{subsubsection.7.4.2.1}{\376\377\0007\000.\0004\000.\0002\000.\0001\000\040\000l\000o\000g\000g\000i\000n\000g}{subsection.7.4.2}% 186
\BOOKMARK [3][-]{subsubsection.7.4.2.2}{\376\377\0007\000.\0004\000.\0002\000.\0002\000\040\000m\000e\000s\000h}{subsection.7.4.2}% 187
\BOOKMARK [3][-]{subsubsection.7.4.2.3}{\376\377\0007\000.\0004\000.\0002\000.\0003\000\040\000o\000u\000t\000p\000u\000t}{subsection.7.4.2}% 188
\BOOKMARK [3][-]{subsubsection.7.4.2.4}{\376\377\0007\000.\0004\000.\0002\000.\0004\000\040\000p\000a\000r\000a\000l\000l\000e\000l\000i\000z\000a\000t\000i\000o\000n}{subsection.7.4.2}% 189
\BOOKMARK [3][-]{subsubsection.7.4.2.5}{\376\377\0007\000.\0004\000.\0002\000.\0005\000\040\000p\000h\000y\000s\000i\000c\000s}{subsection.7.4.2}% 190
\BOOKMARK [3][-]{subsubsection.7.4.2.6}{\376\377\0007\000.\0004\000.\0002\000.\0006\000\040\000t\000i\000m\000e}{subsection.7.4.2}% 191
\BOOKMARK [1][-]{section.7.5}{\376\377\0007\000.\0005\000\040\000L\000i\000n\000e\000a\000r\000S\000y\000s\000\040\000C\000l\000a\000s\000s\000\040\000R\000e\000f\000e\000r\000e\000n\000c\000e}{chapter.7}% 192
\BOOKMARK [2][-]{subsection.7.5.1}{\376\377\0007\000.\0005\000.\0001\000\040\000D\000e\000t\000a\000i\000l\000e\000d\000\040\000D\000e\000s\000c\000r\000i\000p\000t\000i\000o\000n}{section.7.5}% 193
\BOOKMARK [2][-]{subsection.7.5.2}{\376\377\0007\000.\0005\000.\0002\000\040\000C\000o\000n\000s\000t\000r\000u\000c\000t\000o\000r\000\040\000\046\000\040\000D\000e\000s\000t\000r\000u\000c\000t\000o\000r\000\040\000D\000o\000c\000u\000m\000e\000n\000t\000a\000t\000i\000o\000n}{section.7.5}% 194
\BOOKMARK [3][-]{subsubsection.7.5.2.1}{\376\377\0007\000.\0005\000.\0002\000.\0001\000\040\000L\000i\000n\000e\000a\000r\000S\000y\000s\000\050\000\051}{subsection.7.5.2}% 195
\BOOKMARK [2][-]{subsection.7.5.3}{\376\377\0007\000.\0005\000.\0003\000\040\000M\000e\000m\000b\000e\000r\000\040\000F\000u\000n\000c\000t\000i\000o\000n\000\040\000D\000o\000c\000u\000m\000e\000n\000t\000a\000t\000i\000o\000n}{section.7.5}% 196
\BOOKMARK [3][-]{subsubsection.7.5.3.1}{\376\377\0007\000.\0005\000.\0003\000.\0001\000\040\000f\000i\000l\000l\000S\000y\000s\000t\000e\000m\000P\000r\000e\000s\000s\000u\000r\000e\000\050\000\051}{subsection.7.5.3}% 197
\BOOKMARK [3][-]{subsubsection.7.5.3.2}{\376\377\0007\000.\0005\000.\0003\000.\0002\000\040\000f\000i\000l\000l\000S\000y\000s\000t\000e\000m\000V\000e\000l\000o\000c\000i\000t\000y\000\050\000\051}{subsection.7.5.3}% 198
\BOOKMARK [3][-]{subsubsection.7.5.3.3}{\376\377\0007\000.\0005\000.\0003\000.\0003\000\040\000g\000e\000t\000M\000a\000t\000r\000i\000x\000\050\000\051}{subsection.7.5.3}% 199
\BOOKMARK [3][-]{subsubsection.7.5.3.4}{\376\377\0007\000.\0005\000.\0003\000.\0004\000\040\000g\000e\000t\000R\000h\000s\000\050\000\051}{subsection.7.5.3}% 200
\BOOKMARK [3][-]{subsubsection.7.5.3.5}{\376\377\0007\000.\0005\000.\0003\000.\0005\000\040\000g\000e\000t\000S\000o\000l\000u\000t\000i\000o\000n\000\050\000\051}{subsection.7.5.3}% 201
\BOOKMARK [3][-]{subsubsection.7.5.3.6}{\376\377\0007\000.\0005\000.\0003\000.\0006\000\040\000s\000e\000t\000R\000h\000s\000\050\000\051}{subsection.7.5.3}% 202
\BOOKMARK [3][-]{subsubsection.7.5.3.7}{\376\377\0007\000.\0005\000.\0003\000.\0007\000\040\000T\000h\000o\000m\000a\000S\000o\000l\000v\000e\000r\000\050\000\051}{subsection.7.5.3}% 203
\BOOKMARK [2][-]{subsection.7.5.4}{\376\377\0007\000.\0005\000.\0004\000\040\000F\000r\000i\000e\000n\000d\000s\000\040\000A\000n\000d\000\040\000R\000e\000l\000a\000t\000e\000d\000\040\000F\000u\000n\000c\000t\000i\000o\000n\000\040\000D\000o\000c\000u\000m\000e\000n\000t\000a\000t\000i\000o\000n}{section.7.5}% 204
\BOOKMARK [3][-]{subsubsection.7.5.4.1}{\376\377\0007\000.\0005\000.\0004\000.\0001\000\040\000L\000i\000n\000e\000a\000r\000S\000y\000s\000T\000e\000s\000t\000F\000i\000x\000t\000u\000r\000e}{subsection.7.5.4}% 205
\BOOKMARK [3][-]{subsubsection.7.5.4.2}{\376\377\0007\000.\0005\000.\0004\000.\0002\000\040\000S\000c\000h\000u\000r\000S\000e\000q\000u\000e\000n\000t\000i\000a\000l\000S\000o\000l\000v\000e\000r}{subsection.7.5.4}% 206
\BOOKMARK [3][-]{subsubsection.7.5.4.3}{\376\377\0007\000.\0005\000.\0004\000.\0003\000\040\000S\000c\000h\000u\000r\000S\000o\000l\000v\000e\000r\000T\000e\000s\000t\000F\000i\000x\000t\000u\000r\000e}{subsection.7.5.4}% 207
\BOOKMARK [2][-]{subsection.7.5.5}{\376\377\0007\000.\0005\000.\0005\000\040\000M\000e\000m\000b\000e\000r\000\040\000D\000a\000t\000a\000\040\000D\000o\000c\000u\000m\000e\000n\000t\000a\000t\000i\000o\000n}{section.7.5}% 208
\BOOKMARK [3][-]{subsubsection.7.5.5.1}{\376\377\0007\000.\0005\000.\0005\000.\0001\000\040\000b\000o\000u\000n\000d\000a\000r\000y\000T\000y\000p\000e}{subsection.7.5.5}% 209
\BOOKMARK [3][-]{subsubsection.7.5.5.2}{\376\377\0007\000.\0005\000.\0005\000.\0002\000\040\000m\000a\000t\000A}{subsection.7.5.5}% 210
\BOOKMARK [3][-]{subsubsection.7.5.5.3}{\376\377\0007\000.\0005\000.\0005\000.\0003\000\040\000r\000h\000s\000C}{subsection.7.5.5}% 211
\BOOKMARK [3][-]{subsubsection.7.5.5.4}{\376\377\0007\000.\0005\000.\0005\000.\0004\000\040\000u\000n\000k\000n\000o\000w\000n\000X}{subsection.7.5.5}% 212
\BOOKMARK [1][-]{section.7.6}{\376\377\0007\000.\0006\000\040\000L\000o\000g\000g\000i\000n\000g\000S\000e\000t\000t\000i\000n\000g\000s\000\040\000S\000t\000r\000u\000c\000t\000\040\000R\000e\000f\000e\000r\000e\000n\000c\000e}{chapter.7}% 213
\BOOKMARK [2][-]{subsection.7.6.1}{\376\377\0007\000.\0006\000.\0001\000\040\000D\000e\000t\000a\000i\000l\000e\000d\000\040\000D\000e\000s\000c\000r\000i\000p\000t\000i\000o\000n}{section.7.6}% 214
\BOOKMARK [2][-]{subsection.7.6.2}{\376\377\0007\000.\0006\000.\0002\000\040\000M\000e\000m\000b\000e\000r\000\040\000D\000a\000t\000a\000\040\000D\000o\000c\000u\000m\000e\000n\000t\000a\000t\000i\000o\000n}{section.7.6}% 215
\BOOKMARK [3][-]{subsubsection.7.6.2.1}{\376\377\0007\000.\0006\000.\0002\000.\0001\000\040\000d\000i\000r}{subsection.7.6.2}% 216
\BOOKMARK [3][-]{subsubsection.7.6.2.2}{\376\377\0007\000.\0006\000.\0002\000.\0002\000\040\000f\000i\000l\000e\000n\000a\000m\000e}{subsection.7.6.2}% 217
\BOOKMARK [3][-]{subsubsection.7.6.2.3}{\376\377\0007\000.\0006\000.\0002\000.\0003\000\040\000l\000o\000g\000g\000i\000n\000g\000F\000r\000e\000q\000u\000e\000n\000c\000y}{subsection.7.6.2}% 218
\BOOKMARK [3][-]{subsubsection.7.6.2.4}{\376\377\0007\000.\0006\000.\0002\000.\0004\000\040\000l\000o\000g\000T\000o\000C\000o\000n\000s\000o\000l\000e}{subsection.7.6.2}% 219
\BOOKMARK [3][-]{subsubsection.7.6.2.5}{\376\377\0007\000.\0006\000.\0002\000.\0005\000\040\000l\000o\000g\000T\000o\000F\000i\000l\000e}{subsection.7.6.2}% 220
\BOOKMARK [1][-]{section.7.7}{\376\377\0007\000.\0007\000\040\000L\000o\000g\000W\000r\000i\000t\000e\000r\000\040\000C\000l\000a\000s\000s\000\040\000R\000e\000f\000e\000r\000e\000n\000c\000e}{chapter.7}% 221
\BOOKMARK [2][-]{subsection.7.7.1}{\376\377\0007\000.\0007\000.\0001\000\040\000D\000e\000t\000a\000i\000l\000e\000d\000\040\000D\000e\000s\000c\000r\000i\000p\000t\000i\000o\000n}{section.7.7}% 222
\BOOKMARK [2][-]{subsection.7.7.2}{\376\377\0007\000.\0007\000.\0002\000\040\000C\000o\000n\000s\000t\000r\000u\000c\000t\000o\000r\000\040\000\046\000\040\000D\000e\000s\000t\000r\000u\000c\000t\000o\000r\000\040\000D\000o\000c\000u\000m\000e\000n\000t\000a\000t\000i\000o\000n}{section.7.7}% 223
\BOOKMARK [3][-]{subsubsection.7.7.2.1}{\376\377\0007\000.\0007\000.\0002\000.\0001\000\040\000L\000o\000g\000W\000r\000i\000t\000e\000r\000\050\000\051}{subsection.7.7.2}% 224
\BOOKMARK [2][-]{subsection.7.7.3}{\376\377\0007\000.\0007\000.\0003\000\040\000M\000e\000m\000b\000e\000r\000\040\000F\000u\000n\000c\000t\000i\000o\000n\000\040\000D\000o\000c\000u\000m\000e\000n\000t\000a\000t\000i\000o\000n}{section.7.7}% 225
\BOOKMARK [3][-]{subsubsection.7.7.3.1}{\376\377\0007\000.\0007\000.\0003\000.\0001\000\040\000p\000r\000i\000n\000t\000F\000i\000n\000a\000l\000S\000u\000m\000m\000a\000r\000y\000\050\000\051}{subsection.7.7.3}% 226
\BOOKMARK [3][-]{subsubsection.7.7.3.2}{\376\377\0007\000.\0007\000.\0003\000.\0002\000\040\000p\000r\000i\000n\000t\000S\000i\000m\000u\000l\000a\000t\000i\000o\000n\000H\000e\000a\000d\000e\000r\000\050\000\051}{subsection.7.7.3}% 227
\BOOKMARK [3][-]{subsubsection.7.7.3.3}{\376\377\0007\000.\0007\000.\0003\000.\0003\000\040\000p\000r\000i\000n\000t\000S\000t\000e\000p\000H\000e\000a\000d\000e\000r\000\050\000\051}{subsection.7.7.3}% 228
\BOOKMARK [3][-]{subsubsection.7.7.3.4}{\376\377\0007\000.\0007\000.\0003\000.\0004\000\040\000p\000r\000i\000n\000t\000S\000t\000e\000p\000P\000r\000o\000g\000r\000e\000s\000s\000\050\000\051}{subsection.7.7.3}% 229
\BOOKMARK [3][-]{subsubsection.7.7.3.5}{\376\377\0007\000.\0007\000.\0003\000.\0005\000\040\000s\000e\000p\000a\000r\000a\000t\000o\000r\000\050\000\051}{subsection.7.7.3}% 230
\BOOKMARK [3][-]{subsubsection.7.7.3.6}{\376\377\0007\000.\0007\000.\0003\000.\0006\000\040\000w\000r\000i\000t\000e\000\050\000\051}{subsection.7.7.3}% 231
\BOOKMARK [2][-]{subsection.7.7.4}{\376\377\0007\000.\0007\000.\0004\000\040\000M\000e\000m\000b\000e\000r\000\040\000D\000a\000t\000a\000\040\000D\000o\000c\000u\000m\000e\000n\000t\000a\000t\000i\000o\000n}{section.7.7}% 232
\BOOKMARK [3][-]{subsubsection.7.7.4.1}{\376\377\0007\000.\0007\000.\0004\000.\0001\000\040\000f\000i\000l\000e\000\137}{subsection.7.7.4}% 233
\BOOKMARK [3][-]{subsubsection.7.7.4.2}{\376\377\0007\000.\0007\000.\0004\000.\0002\000\040\000f\000i\000l\000e\000n\000a\000m\000e\000\137}{subsection.7.7.4}% 234
\BOOKMARK [3][-]{subsubsection.7.7.4.3}{\376\377\0007\000.\0007\000.\0004\000.\0003\000\040\000l\000o\000g\000D\000i\000r\000\137}{subsection.7.7.4}% 235
\BOOKMARK [3][-]{subsubsection.7.7.4.4}{\376\377\0007\000.\0007\000.\0004\000.\0004\000\040\000l\000o\000g\000T\000o\000C\000o\000n\000s\000o\000l\000e\000\137}{subsection.7.7.4}% 236
\BOOKMARK [3][-]{subsubsection.7.7.4.5}{\376\377\0007\000.\0007\000.\0004\000.\0005\000\040\000l\000o\000g\000T\000o\000F\000i\000l\000e\000\137}{subsection.7.7.4}% 237
\BOOKMARK [1][-]{section.7.8}{\376\377\0007\000.\0008\000\040\000M\000e\000s\000h\000D\000a\000t\000a\000\040\000S\000t\000r\000u\000c\000t\000\040\000R\000e\000f\000e\000r\000e\000n\000c\000e}{chapter.7}% 238
\BOOKMARK [2][-]{subsection.7.8.1}{\376\377\0007\000.\0008\000.\0001\000\040\000D\000e\000t\000a\000i\000l\000e\000d\000\040\000D\000e\000s\000c\000r\000i\000p\000t\000i\000o\000n}{section.7.8}% 239
\BOOKMARK [2][-]{subsection.7.8.2}{\376\377\0007\000.\0008\000.\0002\000\040\000M\000e\000m\000b\000e\000r\000\040\000D\000a\000t\000a\000\040\000D\000o\000c\000u\000m\000e\000n\000t\000a\000t\000i\000o\000n}{section.7.8}% 240
\BOOKMARK [3][-]{subsubsection.7.8.2.1}{\376\377\0007\000.\0008\000.\0002\000.\0001\000\040\000d\000x}{subsection.7.8.2}% 241
\BOOKMARK [3][-]{subsubsection.7.8.2.2}{\376\377\0007\000.\0008\000.\0002\000.\0002\000\040\000d\000y}{subsection.7.8.2}% 242
\BOOKMARK [3][-]{subsubsection.7.8.2.3}{\376\377\0007\000.\0008\000.\0002\000.\0003\000\040\000d\000z}{subsection.7.8.2}% 243
\BOOKMARK [3][-]{subsubsection.7.8.2.4}{\376\377\0007\000.\0008\000.\0002\000.\0004\000\040\000i\000n\000p\000u\000t\000\137\000f\000o\000r\000\137\000m\000a\000n\000u\000f\000a\000c\000t\000u\000r\000e\000d\000\137\000s\000o\000l\000u\000t\000i\000o\000n}{subsection.7.8.2}% 244
\BOOKMARK [3][-]{subsubsection.7.8.2.5}{\376\377\0007\000.\0008\000.\0002\000.\0005\000\040\000n\000x}{subsection.7.8.2}% 245
\BOOKMARK [3][-]{subsubsection.7.8.2.6}{\376\377\0007\000.\0008\000.\0002\000.\0006\000\040\000n\000y}{subsection.7.8.2}% 246
\BOOKMARK [3][-]{subsubsection.7.8.2.7}{\376\377\0007\000.\0008\000.\0002\000.\0007\000\040\000n\000z}{subsection.7.8.2}% 247
\BOOKMARK [1][-]{section.7.9}{\376\377\0007\000.\0009\000\040\000N\000S\000B\000S\000o\000l\000v\000e\000r\000\040\000C\000l\000a\000s\000s\000\040\000R\000e\000f\000e\000r\000e\000n\000c\000e}{chapter.7}% 248
\BOOKMARK [2][-]{subsection.7.9.1}{\376\377\0007\000.\0009\000.\0001\000\040\000D\000e\000t\000a\000i\000l\000e\000d\000\040\000D\000e\000s\000c\000r\000i\000p\000t\000i\000o\000n}{section.7.9}% 249
\BOOKMARK [2][-]{subsection.7.9.2}{\376\377\0007\000.\0009\000.\0002\000\040\000C\000o\000n\000s\000t\000r\000u\000c\000t\000o\000r\000\040\000\046\000\040\000D\000e\000s\000t\000r\000u\000c\000t\000o\000r\000\040\000D\000o\000c\000u\000m\000e\000n\000t\000a\000t\000i\000o\000n}{section.7.9}% 250
\BOOKMARK [3][-]{subsubsection.7.9.2.1}{\376\377\0007\000.\0009\000.\0002\000.\0001\000\040\000N\000S\000B\000S\000o\000l\000v\000e\000r\000\050\000\051}{subsection.7.9.2}% 251
\BOOKMARK [2][-]{subsection.7.9.3}{\376\377\0007\000.\0009\000.\0003\000\040\000M\000e\000m\000b\000e\000r\000\040\000F\000u\000n\000c\000t\000i\000o\000n\000\040\000D\000o\000c\000u\000m\000e\000n\000t\000a\000t\000i\000o\000n}{section.7.9}% 252
\BOOKMARK [3][-]{subsubsection.7.9.3.1}{\376\377\0007\000.\0009\000.\0003\000.\0001\000\040\000s\000e\000t\000u\000p\000\050\000\051}{subsection.7.9.3}% 253
\BOOKMARK [3][-]{subsubsection.7.9.3.2}{\376\377\0007\000.\0009\000.\0003\000.\0002\000\040\000s\000o\000l\000v\000e\000\050\000\051}{subsection.7.9.3}% 254
\BOOKMARK [2][-]{subsection.7.9.4}{\376\377\0007\000.\0009\000.\0004\000\040\000M\000e\000m\000b\000e\000r\000\040\000D\000a\000t\000a\000\040\000D\000o\000c\000u\000m\000e\000n\000t\000a\000t\000i\000o\000n}{section.7.9}% 255
\BOOKMARK [3][-]{subsubsection.7.9.4.1}{\376\377\0007\000.\0009\000.\0004\000.\0001\000\040\000c\000o\000n\000f\000i\000g\000F\000i\000l\000e}{subsection.7.9.4}% 256
\BOOKMARK [3][-]{subsubsection.7.9.4.2}{\376\377\0007\000.\0009\000.\0004\000.\0002\000\040\000i\000n\000p\000u\000t}{subsection.7.9.4}% 257
\BOOKMARK [3][-]{subsubsection.7.9.4.3}{\376\377\0007\000.\0009\000.\0004\000.\0003\000\040\000l\000o\000g\000g\000e\000r}{subsection.7.9.4}% 258
\BOOKMARK [3][-]{subsubsection.7.9.4.4}{\376\377\0007\000.\0009\000.\0004\000.\0004\000\040\000l\000o\000g\000g\000i\000n\000g\000S\000e\000t\000t\000i\000n\000g\000s}{subsection.7.9.4}% 259
\BOOKMARK [3][-]{subsubsection.7.9.4.5}{\376\377\0007\000.\0009\000.\0004\000.\0005\000\040\000o\000u\000t\000p\000u\000t\000S\000e\000t\000t\000i\000n\000g\000s}{subsection.7.9.4}% 260
\BOOKMARK [3][-]{subsubsection.7.9.4.6}{\376\377\0007\000.\0009\000.\0004\000.\0006\000\040\000p\000a\000r\000a\000l\000l\000e\000l\000i\000z\000a\000t\000i\000o\000n\000S\000e\000t\000t\000i\000n\000g\000s}{subsection.7.9.4}% 261
\BOOKMARK [3][-]{subsubsection.7.9.4.7}{\376\377\0007\000.\0009\000.\0004\000.\0007\000\040\000p\000r\000e\000s\000s\000u\000r\000e\000S\000t\000e\000p}{subsection.7.9.4}% 262
\BOOKMARK [3][-]{subsubsection.7.9.4.8}{\376\377\0007\000.\0009\000.\0004\000.\0008\000\040\000s\000i\000m\000D\000a\000t\000a}{subsection.7.9.4}% 263
\BOOKMARK [3][-]{subsubsection.7.9.4.9}{\376\377\0007\000.\0009\000.\0004\000.\0009\000\040\000v\000i\000s\000c\000o\000u\000s\000S\000t\000e\000p}{subsection.7.9.4}% 264
\BOOKMARK [3][-]{subsubsection.7.9.4.10}{\376\377\0007\000.\0009\000.\0004\000.\0001\0000\000\040\000v\000t\000k\000W\000r\000i\000t\000e\000r}{subsection.7.9.4}% 265
\BOOKMARK [1][-]{section.7.10}{\376\377\0007\000.\0001\0000\000\040\000O\000u\000t\000p\000u\000t\000S\000e\000t\000t\000i\000n\000g\000s\000\040\000S\000t\000r\000u\000c\000t\000\040\000R\000e\000f\000e\000r\000e\000n\000c\000e}{chapter.7}% 266
\BOOKMARK [2][-]{subsection.7.10.1}{\376\377\0007\000.\0001\0000\000.\0001\000\040\000D\000e\000t\000a\000i\000l\000e\000d\000\040\000D\000e\000s\000c\000r\000i\000p\000t\000i\000o\000n}{section.7.10}% 267
\BOOKMARK [2][-]{subsection.7.10.2}{\376\377\0007\000.\0001\0000\000.\0002\000\040\000M\000e\000m\000b\000e\000r\000\040\000D\000a\000t\000a\000\040\000D\000o\000c\000u\000m\000e\000n\000t\000a\000t\000i\000o\000n}{section.7.10}% 268
\BOOKMARK [3][-]{subsubsection.7.10.2.1}{\376\377\0007\000.\0001\0000\000.\0002\000.\0001\000\040\000b\000a\000s\000e\000F\000i\000l\000e\000n\000a\000m\000e}{subsection.7.10.2}% 269
\BOOKMARK [3][-]{subsubsection.7.10.2.2}{\376\377\0007\000.\0001\0000\000.\0002\000.\0002\000\040\000d\000i\000r}{subsection.7.10.2}% 270
\BOOKMARK [3][-]{subsubsection.7.10.2.3}{\376\377\0007\000.\0001\0000\000.\0002\000.\0003\000\040\000e\000n\000a\000b\000l\000e\000d}{subsection.7.10.2}% 271
\BOOKMARK [3][-]{subsubsection.7.10.2.4}{\376\377\0007\000.\0001\0000\000.\0002\000.\0004\000\040\000o\000u\000t\000p\000u\000t\000F\000r\000e\000q\000u\000e\000n\000c\000y}{subsection.7.10.2}% 272
\BOOKMARK [1][-]{section.7.11}{\376\377\0007\000.\0001\0001\000\040\000P\000a\000r\000a\000l\000l\000e\000l\000i\000z\000a\000t\000i\000o\000n\000S\000e\000t\000t\000i\000n\000g\000s\000\040\000S\000t\000r\000u\000c\000t\000\040\000R\000e\000f\000e\000r\000e\000n\000c\000e}{chapter.7}% 273
\BOOKMARK [2][-]{subsection.7.11.1}{\376\377\0007\000.\0001\0001\000.\0001\000\040\000D\000e\000t\000a\000i\000l\000e\000d\000\040\000D\000e\000s\000c\000r\000i\000p\000t\000i\000o\000n}{section.7.11}% 274
\BOOKMARK [2][-]{subsection.7.11.2}{\376\377\0007\000.\0001\0001\000.\0002\000\040\000M\000e\000m\000b\000e\000r\000\040\000D\000a\000t\000a\000\040\000D\000o\000c\000u\000m\000e\000n\000t\000a\000t\000i\000o\000n}{section.7.11}% 275
\BOOKMARK [3][-]{subsubsection.7.11.2.1}{\376\377\0007\000.\0001\0001\000.\0002\000.\0001\000\040\000s\000c\000h\000u\000r\000D\000o\000m\000a\000i\000n\000s}{subsection.7.11.2}% 276
\BOOKMARK [1][-]{section.7.12}{\376\377\0007\000.\0001\0002\000\040\000P\000h\000y\000s\000i\000c\000s\000D\000a\000t\000a\000\040\000S\000t\000r\000u\000c\000t\000\040\000R\000e\000f\000e\000r\000e\000n\000c\000e}{chapter.7}% 277
\BOOKMARK [2][-]{subsection.7.12.1}{\376\377\0007\000.\0001\0002\000.\0001\000\040\000D\000e\000t\000a\000i\000l\000e\000d\000\040\000D\000e\000s\000c\000r\000i\000p\000t\000i\000o\000n}{section.7.12}% 278
\BOOKMARK [2][-]{subsection.7.12.2}{\376\377\0007\000.\0001\0002\000.\0002\000\040\000M\000e\000m\000b\000e\000r\000\040\000D\000a\000t\000a\000\040\000D\000o\000c\000u\000m\000e\000n\000t\000a\000t\000i\000o\000n}{section.7.12}% 279
\BOOKMARK [3][-]{subsubsection.7.12.2.1}{\376\377\0007\000.\0001\0002\000.\0002\000.\0001\000\040\000n\000u}{subsection.7.12.2}% 280
\BOOKMARK [1][-]{section.7.13}{\376\377\0007\000.\0001\0003\000\040\000P\000r\000e\000s\000s\000u\000r\000e\000S\000t\000e\000p\000\040\000C\000l\000a\000s\000s\000\040\000R\000e\000f\000e\000r\000e\000n\000c\000e}{chapter.7}% 281
\BOOKMARK [2][-]{subsection.7.13.1}{\376\377\0007\000.\0001\0003\000.\0001\000\040\000D\000e\000t\000a\000i\000l\000e\000d\000\040\000D\000e\000s\000c\000r\000i\000p\000t\000i\000o\000n}{section.7.13}% 282
\BOOKMARK [2][-]{subsection.7.13.2}{\376\377\0007\000.\0001\0003\000.\0002\000\040\000C\000o\000n\000s\000t\000r\000u\000c\000t\000o\000r\000\040\000\046\000\040\000D\000e\000s\000t\000r\000u\000c\000t\000o\000r\000\040\000D\000o\000c\000u\000m\000e\000n\000t\000a\000t\000i\000o\000n}{section.7.13}% 283
\BOOKMARK [3][-]{subsubsection.7.13.2.1}{\376\377\0007\000.\0001\0003\000.\0002\000.\0001\000\040\000P\000r\000e\000s\000s\000u\000r\000e\000S\000t\000e\000p\000\050\000\051}{subsection.7.13.2}% 284
\BOOKMARK [2][-]{subsection.7.13.3}{\376\377\0007\000.\0001\0003\000.\0003\000\040\000M\000e\000m\000b\000e\000r\000\040\000F\000u\000n\000c\000t\000i\000o\000n\000\040\000D\000o\000c\000u\000m\000e\000n\000t\000a\000t\000i\000o\000n}{section.7.13}% 285
\BOOKMARK [3][-]{subsubsection.7.13.3.1}{\376\377\0007\000.\0001\0003\000.\0003\000.\0001\000\040\000i\000n\000i\000t\000i\000a\000l\000i\000z\000e\000W\000o\000r\000k\000s\000p\000a\000c\000e\000F\000i\000e\000l\000d\000s\000\050\000\051}{subsection.7.13.3}% 286
\BOOKMARK [3][-]{subsubsection.7.13.3.2}{\376\377\0007\000.\0001\0003\000.\0003\000.\0002\000\040\000r\000u\000n\000\050\000\051}{subsection.7.13.3}% 287
\BOOKMARK [3][-]{subsubsection.7.13.3.3}{\376\377\0007\000.\0001\0003\000.\0003\000.\0003\000\040\000s\000o\000l\000v\000e\000S\000y\000s\000t\000e\000m\000\050\000\051}{subsection.7.13.3}% 288
\BOOKMARK [2][-]{subsection.7.13.4}{\376\377\0007\000.\0001\0003\000.\0004\000\040\000F\000r\000i\000e\000n\000d\000s\000\040\000A\000n\000d\000\040\000R\000e\000l\000a\000t\000e\000d\000\040\000F\000u\000n\000c\000t\000i\000o\000n\000\040\000D\000o\000c\000u\000m\000e\000n\000t\000a\000t\000i\000o\000n}{section.7.13}% 289
\BOOKMARK [3][-]{subsubsection.7.13.4.1}{\376\377\0007\000.\0001\0003\000.\0004\000.\0001\000\040\000P\000r\000e\000s\000s\000u\000r\000e\000S\000t\000e\000p\000R\000o\000b\000u\000s\000t\000n\000e\000s\000s\000T\000e\000s\000t}{subsection.7.13.4}% 290
\BOOKMARK [3][-]{subsubsection.7.13.4.2}{\376\377\0007\000.\0001\0003\000.\0004\000.\0002\000\040\000P\000r\000e\000s\000s\000u\000r\000e\000S\000t\000e\000p\000T\000e\000s\000t}{subsection.7.13.4}% 291
\BOOKMARK [2][-]{subsection.7.13.5}{\376\377\0007\000.\0001\0003\000.\0005\000\040\000M\000e\000m\000b\000e\000r\000\040\000D\000a\000t\000a\000\040\000D\000o\000c\000u\000m\000e\000n\000t\000a\000t\000i\000o\000n}{section.7.13}% 292
\BOOKMARK [3][-]{subsubsection.7.13.5.1}{\376\377\0007\000.\0001\0003\000.\0005\000.\0001\000\040\000d\000a\000t\000a\000\137}{subsection.7.13.5}% 293
\BOOKMARK [3][-]{subsubsection.7.13.5.2}{\376\377\0007\000.\0001\0003\000.\0005\000.\0002\000\040\000d\000i\000v\000U}{subsection.7.13.5}% 294
\BOOKMARK [3][-]{subsubsection.7.13.5.3}{\376\377\0007\000.\0001\0003\000.\0005\000.\0003\000\040\000p\000a\000r\000a\000l\000l\000e\000l\000\137}{subsection.7.13.5}% 295
\BOOKMARK [3][-]{subsubsection.7.13.5.4}{\376\377\0007\000.\0001\0003\000.\0005\000.\0004\000\040\000p\000c\000r}{subsection.7.13.5}% 296
\BOOKMARK [3][-]{subsubsection.7.13.5.5}{\376\377\0007\000.\0001\0003\000.\0005\000.\0005\000\040\000p\000h\000i}{subsection.7.13.5}% 297
\BOOKMARK [3][-]{subsubsection.7.13.5.6}{\376\377\0007\000.\0001\0003\000.\0005\000.\0006\000\040\000p\000s\000i}{subsection.7.13.5}% 298
\BOOKMARK [1][-]{section.7.14}{\376\377\0007\000.\0001\0004\000\040\000S\000c\000h\000u\000r\000S\000e\000q\000u\000e\000n\000t\000i\000a\000l\000S\000o\000l\000v\000e\000r\000\040\000C\000l\000a\000s\000s\000\040\000R\000e\000f\000e\000r\000e\000n\000c\000e}{chapter.7}% 299
\BOOKMARK [2][-]{subsection.7.14.1}{\376\377\0007\000.\0001\0004\000.\0001\000\040\000D\000e\000t\000a\000i\000l\000e\000d\000\040\000D\000e\000s\000c\000r\000i\000p\000t\000i\000o\000n}{section.7.14}% 300
\BOOKMARK [2][-]{subsection.7.14.2}{\376\377\0007\000.\0001\0004\000.\0002\000\040\000C\000o\000n\000s\000t\000r\000u\000c\000t\000o\000r\000\040\000\046\000\040\000D\000e\000s\000t\000r\000u\000c\000t\000o\000r\000\040\000D\000o\000c\000u\000m\000e\000n\000t\000a\000t\000i\000o\000n}{section.7.14}% 301
\BOOKMARK [3][-]{subsubsection.7.14.2.1}{\376\377\0007\000.\0001\0004\000.\0002\000.\0001\000\040\000S\000c\000h\000u\000r\000S\000e\000q\000u\000e\000n\000t\000i\000a\000l\000S\000o\000l\000v\000e\000r\000\050\000\051}{subsection.7.14.2}% 302
\BOOKMARK [2][-]{subsection.7.14.3}{\376\377\0007\000.\0001\0004\000.\0003\000\040\000M\000e\000m\000b\000e\000r\000\040\000F\000u\000n\000c\000t\000i\000o\000n\000\040\000D\000o\000c\000u\000m\000e\000n\000t\000a\000t\000i\000o\000n}{section.7.14}% 303
\BOOKMARK [3][-]{subsubsection.7.14.3.1}{\376\377\0007\000.\0001\0004\000.\0003\000.\0001\000\040\000c\000r\000e\000a\000t\000e\000S\000p\000a\000r\000s\000e\000V\000e\000c\000t\000o\000r\000\050\000\051}{subsection.7.14.3}% 304
\BOOKMARK [3][-]{subsubsection.7.14.3.2}{\376\377\0007\000.\0001\0004\000.\0003\000.\0002\000\040\000g\000e\000t\000G\000l\000o\000b\000a\000l\000S\000u\000b\000V\000e\000c\000t\000o\000r\000\050\000\051}{subsection.7.14.3}% 305
\BOOKMARK [3][-]{subsubsection.7.14.3.3}{\376\377\0007\000.\0001\0004\000.\0003\000.\0003\000\040\000g\000e\000t\000I\000n\000t\000e\000r\000f\000a\000c\000e\000V\000e\000c\000t\000o\000r\000\050\000\051}{subsection.7.14.3}% 306
\BOOKMARK [3][-]{subsubsection.7.14.3.4}{\376\377\0007\000.\0001\0004\000.\0003\000.\0004\000\040\000P\000r\000e\000P\000r\000o\000c\000e\000s\000s\000\050\000\051}{subsection.7.14.3}% 307
\BOOKMARK [3][-]{subsubsection.7.14.3.5}{\376\377\0007\000.\0001\0004\000.\0003\000.\0005\000\040\000s\000e\000t\000G\000l\000o\000b\000a\000l\000S\000u\000b\000V\000e\000c\000t\000o\000r\000\050\000\051}{subsection.7.14.3}% 308
\BOOKMARK [3][-]{subsubsection.7.14.3.6}{\376\377\0007\000.\0001\0004\000.\0003\000.\0006\000\040\000s\000e\000t\000I\000n\000t\000e\000r\000f\000a\000c\000e\000V\000e\000c\000t\000o\000r\000\050\000\051}{subsection.7.14.3}% 309
\BOOKMARK [3][-]{subsubsection.7.14.3.7}{\376\377\0007\000.\0001\0004\000.\0003\000.\0007\000\040\000s\000o\000l\000v\000e\000\050\000\051}{subsection.7.14.3}% 310
\BOOKMARK [2][-]{subsection.7.14.4}{\376\377\0007\000.\0001\0004\000.\0004\000\040\000M\000e\000m\000b\000e\000r\000\040\000D\000a\000t\000a\000\040\000D\000o\000c\000u\000m\000e\000n\000t\000a\000t\000i\000o\000n}{section.7.14}% 311
\BOOKMARK [3][-]{subsubsection.7.14.4.1}{\376\377\0007\000.\0001\0004\000.\0004\000.\0001\000\040\000A\000\137\000e\000i\000\137\000l\000e\000f\000t}{subsection.7.14.4}% 312
\BOOKMARK [3][-]{subsubsection.7.14.4.2}{\376\377\0007\000.\0001\0004\000.\0004\000.\0002\000\040\000A\000\137\000e\000i\000\137\000r\000i\000g\000h\000t}{subsection.7.14.4}% 313
\BOOKMARK [3][-]{subsubsection.7.14.4.3}{\376\377\0007\000.\0001\0004\000.\0004\000.\0003\000\040\000A\000\137\000i\000e\000\137\000l\000e\000f\000t}{subsection.7.14.4}% 314
\BOOKMARK [3][-]{subsubsection.7.14.4.4}{\376\377\0007\000.\0001\0004\000.\0004\000.\0004\000\040\000A\000\137\000i\000e\000\137\000r\000i\000g\000h\000t}{subsection.7.14.4}% 315
\BOOKMARK [3][-]{subsubsection.7.14.4.5}{\376\377\0007\000.\0001\0004\000.\0004\000.\0005\000\040\000b\000T\000y\000p\000e}{subsection.7.14.4}% 316
\BOOKMARK [3][-]{subsubsection.7.14.4.6}{\376\377\0007\000.\0001\0004\000.\0004\000.\0006\000\040\000d\000o\000m\000a\000i\000n\000\137\000s\000i\000z\000e\000s}{subsection.7.14.4}% 317
\BOOKMARK [3][-]{subsubsection.7.14.4.7}{\376\377\0007\000.\0001\0004\000.\0004\000.\0007\000\040\000d\000o\000m\000a\000i\000n\000\137\000s\000t\000a\000r\000t\000s}{subsection.7.14.4}% 318
\BOOKMARK [3][-]{subsubsection.7.14.4.8}{\376\377\0007\000.\0001\0004\000.\0004\000.\0008\000\040\000i\000n\000t\000e\000r\000f\000a\000c\000e\000\137\000i\000n\000d\000i\000c\000e\000s}{subsection.7.14.4}% 319
\BOOKMARK [3][-]{subsubsection.7.14.4.9}{\376\377\0007\000.\0001\0004\000.\0004\000.\0009\000\040\000l\000o\000c\000a\000l\000S\000o\000l\000v\000e\000r\000s}{subsection.7.14.4}% 320
\BOOKMARK [3][-]{subsubsection.7.14.4.10}{\376\377\0007\000.\0001\0004\000.\0004\000.\0001\0000\000\040\000n\000G\000l\000o\000b\000a\000l}{subsection.7.14.4}% 321
\BOOKMARK [3][-]{subsubsection.7.14.4.11}{\376\377\0007\000.\0001\0004\000.\0004\000.\0001\0001\000\040\000n\000u\000m\000\137\000d\000o\000m\000a\000i\000n\000s}{subsection.7.14.4}% 322
\BOOKMARK [3][-]{subsubsection.7.14.4.12}{\376\377\0007\000.\0001\0004\000.\0004\000.\0001\0002\000\040\000n\000u\000m\000\137\000i\000n\000t\000e\000r\000f\000a\000c\000e\000s}{subsection.7.14.4}% 323
\BOOKMARK [3][-]{subsubsection.7.14.4.13}{\376\377\0007\000.\0001\0004\000.\0004\000.\0001\0003\000\040\000s\000c\000h\000u\000r\000S\000c\000a\000l\000a\000r\000S}{subsection.7.14.4}% 324
\BOOKMARK [3][-]{subsubsection.7.14.4.14}{\376\377\0007\000.\0001\0004\000.\0004\000.\0001\0004\000\040\000s\000c\000h\000u\000r\000S\000o\000l\000v\000e\000r}{subsection.7.14.4}% 325
\BOOKMARK [1][-]{section.7.15}{\376\377\0007\000.\0001\0005\000\040\000S\000i\000m\000u\000l\000a\000t\000i\000o\000n\000D\000a\000t\000a\000\040\000S\000t\000r\000u\000c\000t\000\040\000R\000e\000f\000e\000r\000e\000n\000c\000e}{chapter.7}% 326
\BOOKMARK [2][-]{subsection.7.15.1}{\376\377\0007\000.\0001\0005\000.\0001\000\040\000D\000e\000t\000a\000i\000l\000e\000d\000\040\000D\000e\000s\000c\000r\000i\000p\000t\000i\000o\000n}{section.7.15}% 327
\BOOKMARK [2][-]{subsection.7.15.2}{\376\377\0007\000.\0001\0005\000.\0002\000\040\000M\000e\000m\000b\000e\000r\000\040\000D\000a\000t\000a\000\040\000D\000o\000c\000u\000m\000e\000n\000t\000a\000t\000i\000o\000n}{section.7.15}% 328
\BOOKMARK [3][-]{subsubsection.7.15.2.1}{\376\377\0007\000.\0001\0005\000.\0002\000.\0001\000\040\000b\000c\000u}{subsection.7.15.2}% 329
\BOOKMARK [3][-]{subsubsection.7.15.2.2}{\376\377\0007\000.\0001\0005\000.\0002\000.\0002\000\040\000b\000c\000v}{subsection.7.15.2}% 330
\BOOKMARK [3][-]{subsubsection.7.15.2.3}{\376\377\0007\000.\0001\0005\000.\0002\000.\0003\000\040\000b\000c\000w}{subsection.7.15.2}% 331
\BOOKMARK [3][-]{subsubsection.7.15.2.4}{\376\377\0007\000.\0001\0005\000.\0002\000.\0004\000\040\000c\000u\000r\000r\000S\000t\000e\000p}{subsection.7.15.2}% 332
\BOOKMARK [3][-]{subsubsection.7.15.2.5}{\376\377\0007\000.\0001\0005\000.\0002\000.\0005\000\040\000c\000u\000r\000r\000T\000i\000m\000e}{subsection.7.15.2}% 333
\BOOKMARK [3][-]{subsubsection.7.15.2.6}{\376\377\0007\000.\0001\0005\000.\0002\000.\0006\000\040\000d\000t}{subsection.7.15.2}% 334
\BOOKMARK [3][-]{subsubsection.7.15.2.7}{\376\377\0007\000.\0001\0005\000.\0002\000.\0007\000\040\000e\000t\000a}{subsection.7.15.2}% 335
\BOOKMARK [3][-]{subsubsection.7.15.2.8}{\376\377\0007\000.\0001\0005\000.\0002\000.\0008\000\040\000f}{subsection.7.15.2}% 336
\BOOKMARK [3][-]{subsubsection.7.15.2.9}{\376\377\0007\000.\0001\0005\000.\0002\000.\0009\000\040\000f\000x}{subsection.7.15.2}% 337
\BOOKMARK [3][-]{subsubsection.7.15.2.10}{\376\377\0007\000.\0001\0005\000.\0002\000.\0001\0000\000\040\000f\000y}{subsection.7.15.2}% 338
\BOOKMARK [3][-]{subsubsection.7.15.2.11}{\376\377\0007\000.\0001\0005\000.\0002\000.\0001\0001\000\040\000f\000z}{subsection.7.15.2}% 339
\BOOKMARK [3][-]{subsubsection.7.15.2.12}{\376\377\0007\000.\0001\0005\000.\0002\000.\0001\0002\000\040\000g\000r\000i\000d}{subsection.7.15.2}% 340
\BOOKMARK [3][-]{subsubsection.7.15.2.13}{\376\377\0007\000.\0001\0005\000.\0002\000.\0001\0003\000\040\000k}{subsection.7.15.2}% 341
\BOOKMARK [3][-]{subsubsection.7.15.2.14}{\376\377\0007\000.\0001\0005\000.\0002\000.\0001\0004\000\040\000n\000u}{subsection.7.15.2}% 342
\BOOKMARK [3][-]{subsubsection.7.15.2.15}{\376\377\0007\000.\0001\0005\000.\0002\000.\0001\0005\000\040\000p}{subsection.7.15.2}% 343
\BOOKMARK [3][-]{subsubsection.7.15.2.16}{\376\377\0007\000.\0001\0005\000.\0002\000.\0001\0006\000\040\000t\000o\000t\000a\000l\000S\000i\000m\000T\000i\000m\000e}{subsection.7.15.2}% 344
\BOOKMARK [3][-]{subsubsection.7.15.2.17}{\376\377\0007\000.\0001\0005\000.\0002\000.\0001\0007\000\040\000t\000o\000t\000a\000l\000S\000t\000e\000p\000s}{subsection.7.15.2}% 345
\BOOKMARK [3][-]{subsubsection.7.15.2.18}{\376\377\0007\000.\0001\0005\000.\0002\000.\0001\0008\000\040\000u}{subsection.7.15.2}% 346
\BOOKMARK [3][-]{subsubsection.7.15.2.19}{\376\377\0007\000.\0001\0005\000.\0002\000.\0001\0009\000\040\000z\000e\000t\000a}{subsection.7.15.2}% 347
\BOOKMARK [1][-]{section.7.16}{\376\377\0007\000.\0001\0006\000\040\000T\000i\000m\000e\000D\000a\000t\000a\000\040\000S\000t\000r\000u\000c\000t\000\040\000R\000e\000f\000e\000r\000e\000n\000c\000e}{chapter.7}% 348
\BOOKMARK [2][-]{subsection.7.16.1}{\376\377\0007\000.\0001\0006\000.\0001\000\040\000D\000e\000t\000a\000i\000l\000e\000d\000\040\000D\000e\000s\000c\000r\000i\000p\000t\000i\000o\000n}{section.7.16}% 349
\BOOKMARK [2][-]{subsection.7.16.2}{\376\377\0007\000.\0001\0006\000.\0002\000\040\000M\000e\000m\000b\000e\000r\000\040\000D\000a\000t\000a\000\040\000D\000o\000c\000u\000m\000e\000n\000t\000a\000t\000i\000o\000n}{section.7.16}% 350
\BOOKMARK [3][-]{subsubsection.7.16.2.1}{\376\377\0007\000.\0001\0006\000.\0002\000.\0001\000\040\000d\000t}{subsection.7.16.2}% 351
\BOOKMARK [3][-]{subsubsection.7.16.2.2}{\376\377\0007\000.\0001\0006\000.\0002\000.\0002\000\040\000t\000\137\000e\000n\000d}{subsection.7.16.2}% 352
\BOOKMARK [1][-]{section.7.17}{\376\377\0007\000.\0001\0007\000\040\000T\000r\000i\000d\000i\000a\000g\000M\000a\000t\000\040\000C\000l\000a\000s\000s\000\040\000R\000e\000f\000e\000r\000e\000n\000c\000e}{chapter.7}% 353
\BOOKMARK [2][-]{subsection.7.17.1}{\376\377\0007\000.\0001\0007\000.\0001\000\040\000D\000e\000t\000a\000i\000l\000e\000d\000\040\000D\000e\000s\000c\000r\000i\000p\000t\000i\000o\000n}{section.7.17}% 354
\BOOKMARK [2][-]{subsection.7.17.2}{\376\377\0007\000.\0001\0007\000.\0002\000\040\000C\000o\000n\000s\000t\000r\000u\000c\000t\000o\000r\000\040\000\046\000\040\000D\000e\000s\000t\000r\000u\000c\000t\000o\000r\000\040\000D\000o\000c\000u\000m\000e\000n\000t\000a\000t\000i\000o\000n}{section.7.17}% 355
\BOOKMARK [3][-]{subsubsection.7.17.2.1}{\376\377\0007\000.\0001\0007\000.\0002\000.\0001\000\040\000T\000r\000i\000d\000i\000a\000g\000M\000a\000t\000\050\000\051}{subsection.7.17.2}% 356
\BOOKMARK [2][-]{subsection.7.17.3}{\376\377\0007\000.\0001\0007\000.\0003\000\040\000M\000e\000m\000b\000e\000r\000\040\000F\000u\000n\000c\000t\000i\000o\000n\000\040\000D\000o\000c\000u\000m\000e\000n\000t\000a\000t\000i\000o\000n}{section.7.17}% 357
\BOOKMARK [3][-]{subsubsection.7.17.3.1}{\376\377\0007\000.\0001\0007\000.\0003\000.\0001\000\040\000f\000i\000l\000l\000M\000a\000t\000\050\000\051}{subsection.7.17.3}% 358
\BOOKMARK [3][-]{subsubsection.7.17.3.2}{\376\377\0007\000.\0001\0007\000.\0003\000.\0002\000\040\000g\000e\000t\000D\000i\000a\000g\000\050\000\051\000\040\000[\0001\000/\0002\000]}{subsection.7.17.3}% 359
\BOOKMARK [3][-]{subsubsection.7.17.3.3}{\376\377\0007\000.\0001\0007\000.\0003\000.\0003\000\040\000g\000e\000t\000D\000i\000a\000g\000\050\000\051\000\040\000[\0002\000/\0002\000]}{subsection.7.17.3}% 360
\BOOKMARK [3][-]{subsubsection.7.17.3.4}{\376\377\0007\000.\0001\0007\000.\0003\000.\0004\000\040\000g\000e\000t\000E\000l\000e\000m\000e\000n\000t\000\050\000\051}{subsection.7.17.3}% 361
\BOOKMARK [3][-]{subsubsection.7.17.3.5}{\376\377\0007\000.\0001\0007\000.\0003\000.\0005\000\040\000g\000e\000t\000F\000i\000r\000s\000t\000E\000l\000e\000m\000e\000n\000t\000F\000r\000o\000m\000D\000i\000a\000g\000\050\000\051}{subsection.7.17.3}% 362
\BOOKMARK [3][-]{subsubsection.7.17.3.6}{\376\377\0007\000.\0001\0007\000.\0003\000.\0006\000\040\000g\000e\000t\000L\000a\000s\000t\000E\000l\000e\000m\000e\000n\000t\000F\000r\000o\000m\000D\000i\000a\000g\000\050\000\051}{subsection.7.17.3}% 363
\BOOKMARK [3][-]{subsubsection.7.17.3.7}{\376\377\0007\000.\0001\0007\000.\0003\000.\0007\000\040\000g\000e\000t\000S\000i\000z\000e\000\050\000\051}{subsection.7.17.3}% 364
\BOOKMARK [2][-]{subsection.7.17.4}{\376\377\0007\000.\0001\0007\000.\0004\000\040\000F\000r\000i\000e\000n\000d\000s\000\040\000A\000n\000d\000\040\000R\000e\000l\000a\000t\000e\000d\000\040\000F\000u\000n\000c\000t\000i\000o\000n\000\040\000D\000o\000c\000u\000m\000e\000n\000t\000a\000t\000i\000o\000n}{section.7.17}% 365
\BOOKMARK [3][-]{subsubsection.7.17.4.1}{\376\377\0007\000.\0001\0007\000.\0004\000.\0001\000\040\000S\000c\000h\000u\000r\000S\000e\000q\000u\000e\000n\000t\000i\000a\000l\000S\000o\000l\000v\000e\000r}{subsection.7.17.4}% 366
\BOOKMARK [2][-]{subsection.7.17.5}{\376\377\0007\000.\0001\0007\000.\0005\000\040\000M\000e\000m\000b\000e\000r\000\040\000D\000a\000t\000a\000\040\000D\000o\000c\000u\000m\000e\000n\000t\000a\000t\000i\000o\000n}{section.7.17}% 367
\BOOKMARK [3][-]{subsubsection.7.17.5.1}{\376\377\0007\000.\0001\0007\000.\0005\000.\0001\000\040\000d\000i\000a\000g}{subsection.7.17.5}% 368
\BOOKMARK [3][-]{subsubsection.7.17.5.2}{\376\377\0007\000.\0001\0007\000.\0005\000.\0002\000\040\000s\000i\000z\000e}{subsection.7.17.5}% 369
\BOOKMARK [3][-]{subsubsection.7.17.5.3}{\376\377\0007\000.\0001\0007\000.\0005\000.\0003\000\040\000s\000u\000b\000d\000i\000a\000g}{subsection.7.17.5}% 370
\BOOKMARK [3][-]{subsubsection.7.17.5.4}{\376\377\0007\000.\0001\0007\000.\0005\000.\0004\000\040\000s\000u\000p\000d\000i\000a\000g}{subsection.7.17.5}% 371
\BOOKMARK [1][-]{section.7.18}{\376\377\0007\000.\0001\0008\000\040\000V\000e\000c\000t\000o\000r\000F\000i\000e\000l\000d\000\040\000C\000l\000a\000s\000s\000\040\000R\000e\000f\000e\000r\000e\000n\000c\000e}{chapter.7}% 372
\BOOKMARK [2][-]{subsection.7.18.1}{\376\377\0007\000.\0001\0008\000.\0001\000\040\000D\000e\000t\000a\000i\000l\000e\000d\000\040\000D\000e\000s\000c\000r\000i\000p\000t\000i\000o\000n}{section.7.18}% 373
\BOOKMARK [2][-]{subsection.7.18.2}{\376\377\0007\000.\0001\0008\000.\0002\000\040\000M\000e\000m\000b\000e\000r\000\040\000T\000y\000p\000e\000d\000e\000f\000\040\000D\000o\000c\000u\000m\000e\000n\000t\000a\000t\000i\000o\000n}{section.7.18}% 374
\BOOKMARK [3][-]{subsubsection.7.18.2.1}{\376\377\0007\000.\0001\0008\000.\0002\000.\0001\000\040\000S\000c\000a\000l\000a\000r}{subsection.7.18.2}% 375
\BOOKMARK [2][-]{subsection.7.18.3}{\376\377\0007\000.\0001\0008\000.\0003\000\040\000M\000e\000m\000b\000e\000r\000\040\000F\000u\000n\000c\000t\000i\000o\000n\000\040\000D\000o\000c\000u\000m\000e\000n\000t\000a\000t\000i\000o\000n}{section.7.18}% 376
\BOOKMARK [3][-]{subsubsection.7.18.3.1}{\376\377\0007\000.\0001\0008\000.\0003\000.\0001\000\040\000a\000d\000d\000\050\000\051\000\040\000[\0001\000/\0002\000]}{subsection.7.18.3}% 377
\BOOKMARK [3][-]{subsubsection.7.18.3.2}{\376\377\0007\000.\0001\0008\000.\0003\000.\0002\000\040\000a\000d\000d\000\050\000\051\000\040\000[\0002\000/\0002\000]}{subsection.7.18.3}% 378
\BOOKMARK [3][-]{subsubsection.7.18.3.3}{\376\377\0007\000.\0001\0008\000.\0003\000.\0003\000\040\000c\000o\000m\000p\000o\000n\000e\000n\000t\000\050\000\051\000\040\000[\0001\000/\0002\000]}{subsection.7.18.3}% 379
\BOOKMARK [3][-]{subsubsection.7.18.3.4}{\376\377\0007\000.\0001\0008\000.\0003\000.\0004\000\040\000c\000o\000m\000p\000o\000n\000e\000n\000t\000\050\000\051\000\040\000[\0002\000/\0002\000]}{subsection.7.18.3}% 380
\BOOKMARK [3][-]{subsubsection.7.18.3.5}{\376\377\0007\000.\0001\0008\000.\0003\000.\0005\000\040\000g\000e\000t\000G\000r\000i\000d\000\050\000\051\000\040\000[\0001\000/\0002\000]}{subsection.7.18.3}% 381
\BOOKMARK [3][-]{subsubsection.7.18.3.6}{\376\377\0007\000.\0001\0008\000.\0003\000.\0006\000\040\000g\000e\000t\000G\000r\000i\000d\000\050\000\051\000\040\000[\0002\000/\0002\000]}{subsection.7.18.3}% 382
\BOOKMARK [3][-]{subsubsection.7.18.3.7}{\376\377\0007\000.\0001\0008\000.\0003\000.\0007\000\040\000m\000u\000l\000t\000i\000p\000l\000y\000\050\000\051}{subsection.7.18.3}% 383
\BOOKMARK [3][-]{subsubsection.7.18.3.8}{\376\377\0007\000.\0001\0008\000.\0003\000.\0008\000\040\000o\000p\000e\000r\000a\000t\000o\000r\000\050\000\051\000\050\000\051\000\040\000[\0001\000/\0004\000]}{subsection.7.18.3}% 384
\BOOKMARK [3][-]{subsubsection.7.18.3.9}{\376\377\0007\000.\0001\0008\000.\0003\000.\0009\000\040\000o\000p\000e\000r\000a\000t\000o\000r\000\050\000\051\000\050\000\051\000\040\000[\0002\000/\0004\000]}{subsection.7.18.3}% 385
\BOOKMARK [3][-]{subsubsection.7.18.3.10}{\376\377\0007\000.\0001\0008\000.\0003\000.\0001\0000\000\040\000o\000p\000e\000r\000a\000t\000o\000r\000\050\000\051\000\050\000\051\000\040\000[\0003\000/\0004\000]}{subsection.7.18.3}% 386
\BOOKMARK [3][-]{subsubsection.7.18.3.11}{\376\377\0007\000.\0001\0008\000.\0003\000.\0001\0001\000\040\000o\000p\000e\000r\000a\000t\000o\000r\000\050\000\051\000\050\000\051\000\040\000[\0004\000/\0004\000]}{subsection.7.18.3}% 387
\BOOKMARK [3][-]{subsubsection.7.18.3.12}{\376\377\0007\000.\0001\0008\000.\0003\000.\0001\0002\000\040\000p\000o\000p\000u\000l\000a\000t\000e\000\050\000\051}{subsection.7.18.3}% 388
\BOOKMARK [3][-]{subsubsection.7.18.3.13}{\376\377\0007\000.\0001\0008\000.\0003\000.\0001\0003\000\040\000s\000e\000t\000u\000p\000\050\000\051}{subsection.7.18.3}% 389
\BOOKMARK [3][-]{subsubsection.7.18.3.14}{\376\377\0007\000.\0001\0008\000.\0003\000.\0001\0004\000\040\000v\000a\000l\000u\000e\000\050\000\051\000\040\000[\0001\000/\0002\000]}{subsection.7.18.3}% 390
\BOOKMARK [3][-]{subsubsection.7.18.3.15}{\376\377\0007\000.\0001\0008\000.\0003\000.\0001\0005\000\040\000v\000a\000l\000u\000e\000\050\000\051\000\040\000[\0002\000/\0002\000]}{subsection.7.18.3}% 391
\BOOKMARK [2][-]{subsection.7.18.4}{\376\377\0007\000.\0001\0008\000.\0004\000\040\000M\000e\000m\000b\000e\000r\000\040\000D\000a\000t\000a\000\040\000D\000o\000c\000u\000m\000e\000n\000t\000a\000t\000i\000o\000n}{section.7.18}% 392
\BOOKMARK [3][-]{subsubsection.7.18.4.1}{\376\377\0007\000.\0001\0008\000.\0004\000.\0001\000\040\000c\000o\000m\000p\000o\000n\000e\000n\000t\000s\000\137}{subsection.7.18.4}% 393
\BOOKMARK [3][-]{subsubsection.7.18.4.2}{\376\377\0007\000.\0001\0008\000.\0004\000.\0002\000\040\000g\000r\000i\000d\000P\000t\000r\000\137}{subsection.7.18.4}% 394
\BOOKMARK [1][-]{section.7.19}{\376\377\0007\000.\0001\0009\000\040\000V\000i\000s\000c\000o\000u\000s\000S\000t\000e\000p\000\040\000C\000l\000a\000s\000s\000\040\000R\000e\000f\000e\000r\000e\000n\000c\000e}{chapter.7}% 395
\BOOKMARK [2][-]{subsection.7.19.1}{\376\377\0007\000.\0001\0009\000.\0001\000\040\000D\000e\000t\000a\000i\000l\000e\000d\000\040\000D\000e\000s\000c\000r\000i\000p\000t\000i\000o\000n}{section.7.19}% 396
\BOOKMARK [2][-]{subsection.7.19.2}{\376\377\0007\000.\0001\0009\000.\0002\000\040\000C\000o\000n\000s\000t\000r\000u\000c\000t\000o\000r\000\040\000\046\000\040\000D\000e\000s\000t\000r\000u\000c\000t\000o\000r\000\040\000D\000o\000c\000u\000m\000e\000n\000t\000a\000t\000i\000o\000n}{section.7.19}% 397
\BOOKMARK [3][-]{subsubsection.7.19.2.1}{\376\377\0007\000.\0001\0009\000.\0002\000.\0001\000\040\000V\000i\000s\000c\000o\000u\000s\000S\000t\000e\000p\000\050\000\051}{subsection.7.19.2}% 398
\BOOKMARK [2][-]{subsection.7.19.3}{\376\377\0007\000.\0001\0009\000.\0003\000\040\000M\000e\000m\000b\000e\000r\000\040\000F\000u\000n\000c\000t\000i\000o\000n\000\040\000D\000o\000c\000u\000m\000e\000n\000t\000a\000t\000i\000o\000n}{section.7.19}% 399
\BOOKMARK [3][-]{subsubsection.7.19.3.1}{\376\377\0007\000.\0001\0009\000.\0003\000.\0001\000\040\000c\000l\000o\000s\000e\000V\000i\000s\000c\000o\000u\000s\000S\000t\000e\000p\000\050\000\051}{subsection.7.19.3}% 400
\BOOKMARK [3][-]{subsubsection.7.19.3.2}{\376\377\0007\000.\0001\0009\000.\0003\000.\0002\000\040\000c\000o\000m\000p\000u\000t\000e\000G\000\050\000\051}{subsection.7.19.3}% 401
\BOOKMARK [3][-]{subsubsection.7.19.3.3}{\376\377\0007\000.\0001\0009\000.\0003\000.\0003\000\040\000c\000o\000m\000p\000u\000t\000e\000X\000i\000\050\000\051}{subsection.7.19.3}% 402
\BOOKMARK [3][-]{subsubsection.7.19.3.4}{\376\377\0007\000.\0001\0009\000.\0003\000.\0004\000\040\000i\000n\000i\000t\000i\000a\000l\000i\000z\000e\000W\000o\000r\000k\000s\000p\000a\000c\000e\000F\000i\000e\000l\000d\000s\000\050\000\051}{subsection.7.19.3}% 403
\BOOKMARK [3][-]{subsubsection.7.19.3.5}{\376\377\0007\000.\0001\0009\000.\0003\000.\0005\000\040\000r\000u\000n\000\050\000\051}{subsection.7.19.3}% 404
\BOOKMARK [3][-]{subsubsection.7.19.3.6}{\376\377\0007\000.\0001\0009\000.\0003\000.\0006\000\040\000s\000o\000l\000v\000e\000S\000y\000s\000t\000e\000m\000\050\000\051}{subsection.7.19.3}% 405
\BOOKMARK [2][-]{subsection.7.19.4}{\376\377\0007\000.\0001\0009\000.\0004\000\040\000F\000r\000i\000e\000n\000d\000s\000\040\000A\000n\000d\000\040\000R\000e\000l\000a\000t\000e\000d\000\040\000F\000u\000n\000c\000t\000i\000o\000n\000\040\000D\000o\000c\000u\000m\000e\000n\000t\000a\000t\000i\000o\000n}{section.7.19}% 406
\BOOKMARK [3][-]{subsubsection.7.19.4.1}{\376\377\0007\000.\0001\0009\000.\0004\000.\0001\000\040\000V\000i\000s\000c\000o\000u\000s\000S\000t\000e\000p\000R\000o\000b\000u\000s\000t\000n\000e\000s\000s\000T\000e\000s\000t}{subsection.7.19.4}% 407
\BOOKMARK [3][-]{subsubsection.7.19.4.2}{\376\377\0007\000.\0001\0009\000.\0004\000.\0002\000\040\000V\000i\000s\000c\000o\000u\000s\000S\000t\000e\000p\000S\000o\000l\000v\000e\000r\000T\000e\000s\000t}{subsection.7.19.4}% 408
\BOOKMARK [3][-]{subsubsection.7.19.4.3}{\376\377\0007\000.\0001\0009\000.\0004\000.\0003\000\040\000V\000i\000s\000c\000o\000u\000s\000S\000t\000e\000p\000T\000e\000s\000t}{subsection.7.19.4}% 409
\BOOKMARK [2][-]{subsection.7.19.5}{\376\377\0007\000.\0001\0009\000.\0005\000\040\000M\000e\000m\000b\000e\000r\000\040\000D\000a\000t\000a\000\040\000D\000o\000c\000u\000m\000e\000n\000t\000a\000t\000i\000o\000n}{section.7.19}% 410
\BOOKMARK [3][-]{subsubsection.7.19.5.1}{\376\377\0007\000.\0001\0009\000.\0005\000.\0001\000\040\000d\000a\000t\000a\000\137}{subsection.7.19.5}% 411
\BOOKMARK [3][-]{subsubsection.7.19.5.2}{\376\377\0007\000.\0001\0009\000.\0005\000.\0002\000\040\000d\000x\000x\000E\000t\000a}{subsection.7.19.5}% 412
\BOOKMARK [3][-]{subsubsection.7.19.5.3}{\376\377\0007\000.\0001\0009\000.\0005\000.\0003\000\040\000d\000y\000y\000Z\000e\000t\000a}{subsection.7.19.5}% 413
\BOOKMARK [3][-]{subsubsection.7.19.5.4}{\376\377\0007\000.\0001\0009\000.\0005\000.\0004\000\040\000d\000z\000z\000U}{subsection.7.19.5}% 414
\BOOKMARK [3][-]{subsubsection.7.19.5.5}{\376\377\0007\000.\0001\0009\000.\0005\000.\0005\000\040\000g}{subsection.7.19.5}% 415
\BOOKMARK [3][-]{subsubsection.7.19.5.6}{\376\377\0007\000.\0001\0009\000.\0005\000.\0006\000\040\000g\000r\000a\000d\000P}{subsection.7.19.5}% 416
\BOOKMARK [3][-]{subsubsection.7.19.5.7}{\376\377\0007\000.\0001\0009\000.\0005\000.\0007\000\040\000p\000a\000r\000a\000l\000l\000e\000l\000\137}{subsection.7.19.5}% 417
\BOOKMARK [3][-]{subsubsection.7.19.5.8}{\376\377\0007\000.\0001\0009\000.\0005\000.\0008\000\040\000x\000i}{subsection.7.19.5}% 418
\BOOKMARK [1][-]{section.7.20}{\376\377\0007\000.\0002\0000\000\040\000V\000T\000K\000W\000r\000i\000t\000e\000r\000\040\000C\000l\000a\000s\000s\000\040\000R\000e\000f\000e\000r\000e\000n\000c\000e}{chapter.7}% 419
\BOOKMARK [2][-]{subsection.7.20.1}{\376\377\0007\000.\0002\0000\000.\0001\000\040\000D\000e\000t\000a\000i\000l\000e\000d\000\040\000D\000e\000s\000c\000r\000i\000p\000t\000i\000o\000n}{section.7.20}% 420
\BOOKMARK [2][-]{subsection.7.20.2}{\376\377\0007\000.\0002\0000\000.\0002\000\040\000C\000o\000n\000s\000t\000r\000u\000c\000t\000o\000r\000\040\000\046\000\040\000D\000e\000s\000t\000r\000u\000c\000t\000o\000r\000\040\000D\000o\000c\000u\000m\000e\000n\000t\000a\000t\000i\000o\000n}{section.7.20}% 421
\BOOKMARK [3][-]{subsubsection.7.20.2.1}{\376\377\0007\000.\0002\0000\000.\0002\000.\0001\000\040\000V\000T\000K\000W\000r\000i\000t\000e\000r\000\050\000\051}{subsection.7.20.2}% 422
\BOOKMARK [2][-]{subsection.7.20.3}{\376\377\0007\000.\0002\0000\000.\0003\000\040\000M\000e\000m\000b\000e\000r\000\040\000F\000u\000n\000c\000t\000i\000o\000n\000\040\000D\000o\000c\000u\000m\000e\000n\000t\000a\000t\000i\000o\000n}{section.7.20}% 423
\BOOKMARK [3][-]{subsubsection.7.20.3.1}{\376\377\0007\000.\0002\0000\000.\0003\000.\0001\000\040\000w\000r\000i\000t\000e\000\137\000l\000e\000g\000a\000c\000y\000\050\000\051}{subsection.7.20.3}% 424
\BOOKMARK [3][-]{subsubsection.7.20.3.2}{\376\377\0007\000.\0002\0000\000.\0003\000.\0002\000\040\000w\000r\000i\000t\000e\000\137\000t\000i\000m\000e\000s\000t\000e\000p\000\137\000i\000f\000\137\000n\000e\000e\000d\000e\000d\000\050\000\051}{subsection.7.20.3}% 425
\BOOKMARK [2][-]{subsection.7.20.4}{\376\377\0007\000.\0002\0000\000.\0004\000\040\000M\000e\000m\000b\000e\000r\000\040\000D\000a\000t\000a\000\040\000D\000o\000c\000u\000m\000e\000n\000t\000a\000t\000i\000o\000n}{section.7.20}% 426
\BOOKMARK [3][-]{subsubsection.7.20.4.1}{\376\377\0007\000.\0002\0000\000.\0004\000.\0001\000\040\000b\000a\000s\000e\000P\000r\000e\000f\000i\000x\000\137}{subsection.7.20.4}% 427
\BOOKMARK [3][-]{subsubsection.7.20.4.2}{\376\377\0007\000.\0002\0000\000.\0004\000.\0002\000\040\000d\000x\000\137}{subsection.7.20.4}% 428
\BOOKMARK [3][-]{subsubsection.7.20.4.3}{\376\377\0007\000.\0002\0000\000.\0004\000.\0003\000\040\000d\000y\000\137}{subsection.7.20.4}% 429
\BOOKMARK [3][-]{subsubsection.7.20.4.4}{\376\377\0007\000.\0002\0000\000.\0004\000.\0004\000\040\000d\000z\000\137}{subsection.7.20.4}% 430
\BOOKMARK [3][-]{subsubsection.7.20.4.5}{\376\377\0007\000.\0002\0000\000.\0004\000.\0005\000\040\000e\000n\000a\000b\000l\000e\000d\000\137}{subsection.7.20.4}% 431
\BOOKMARK [3][-]{subsubsection.7.20.4.6}{\376\377\0007\000.\0002\0000\000.\0004\000.\0006\000\040\000N\000x\000\137}{subsection.7.20.4}% 432
\BOOKMARK [3][-]{subsubsection.7.20.4.7}{\376\377\0007\000.\0002\0000\000.\0004\000.\0007\000\040\000N\000y\000\137}{subsection.7.20.4}% 433
\BOOKMARK [3][-]{subsubsection.7.20.4.8}{\376\377\0007\000.\0002\0000\000.\0004\000.\0008\000\040\000N\000z\000\137}{subsection.7.20.4}% 434
\BOOKMARK [3][-]{subsubsection.7.20.4.9}{\376\377\0007\000.\0002\0000\000.\0004\000.\0009\000\040\000o\000u\000t\000p\000u\000t\000F\000r\000e\000q\000u\000e\000n\000c\000y\000\137}{subsection.7.20.4}% 435
\BOOKMARK [0][-]{chapter.8}{\376\377\0008\000\040\000F\000i\000l\000e\000\040\000D\000o\000c\000u\000m\000e\000n\000t\000a\000t\000i\000o\000n}{}% 436
\BOOKMARK [1][-]{section.8.1}{\376\377\0008\000.\0001\000\040\000d\000a\000t\000a\000/\000c\000o\000n\000f\000i\000g\000F\000u\000n\000c\000t\000i\000o\000n\000s\000.\000h\000p\000p\000\040\000F\000i\000l\000e\000\040\000R\000e\000f\000e\000r\000e\000n\000c\000e}{chapter.8}% 437
\BOOKMARK [1][-]{section.8.2}{\376\377\0008\000.\0002\000\040\000i\000n\000c\000l\000u\000d\000e\000/\000c\000o\000r\000e\000/\000F\000i\000e\000l\000d\000s\000.\000h\000p\000p\000\040\000F\000i\000l\000e\000\040\000R\000e\000f\000e\000r\000e\000n\000c\000e}{chapter.8}% 438
\BOOKMARK [2][-]{subsection.8.2.1}{\376\377\0008\000.\0002\000.\0001\000\040\000T\000y\000p\000e\000d\000e\000f\000\040\000D\000o\000c\000u\000m\000e\000n\000t\000a\000t\000i\000o\000n}{section.8.2}% 439
\BOOKMARK [3][-]{subsubsection.8.2.1.1}{\376\377\0008\000.\0002\000.\0001\000.\0001\000\040\000F\000u\000n\000c}{subsection.8.2.1}% 440
\BOOKMARK [2][-]{subsection.8.2.2}{\376\377\0008\000.\0002\000.\0002\000\040\000V\000a\000r\000i\000a\000b\000l\000e\000\040\000D\000o\000c\000u\000m\000e\000n\000t\000a\000t\000i\000o\000n}{section.8.2}% 441
\BOOKMARK [3][-]{subsubsection.8.2.2.1}{\376\377\0008\000.\0002\000.\0002\000.\0001\000\040\000Z\000E\000R\000O\000\137\000F\000U\000N\000C}{subsection.8.2.2}% 442
\BOOKMARK [1][-]{section.8.3}{\376\377\0008\000.\0003\000\040\000i\000n\000c\000l\000u\000d\000e\000/\000c\000o\000r\000e\000/\000G\000r\000i\000d\000.\000h\000p\000p\000\040\000F\000i\000l\000e\000\040\000R\000e\000f\000e\000r\000e\000n\000c\000e}{chapter.8}% 443
\BOOKMARK [2][-]{subsection.8.3.1}{\376\377\0008\000.\0003\000.\0001\000\040\000T\000y\000p\000e\000d\000e\000f\000\040\000D\000o\000c\000u\000m\000e\000n\000t\000a\000t\000i\000o\000n}{section.8.3}% 444
\BOOKMARK [3][-]{subsubsection.8.3.1.1}{\376\377\0008\000.\0003\000.\0001\000.\0001\000\040\000G\000r\000i\000d\000P\000t\000r}{subsection.8.3.1}% 445
\BOOKMARK [2][-]{subsection.8.3.2}{\376\377\0008\000.\0003\000.\0002\000\040\000E\000n\000u\000m\000e\000r\000a\000t\000i\000o\000n\000\040\000T\000y\000p\000e\000\040\000D\000o\000c\000u\000m\000e\000n\000t\000a\000t\000i\000o\000n}{section.8.3}% 446
\BOOKMARK [3][-]{subsubsection.8.3.2.1}{\376\377\0008\000.\0003\000.\0002\000.\0001\000\040\000A\000x\000i\000s}{subsection.8.3.2}% 447
\BOOKMARK [3][-]{subsubsection.8.3.2.2}{\376\377\0008\000.\0003\000.\0002\000.\0002\000\040\000G\000r\000i\000d\000S\000t\000a\000g\000g\000e\000r\000i\000n\000g}{subsection.8.3.2}% 448
\BOOKMARK [2][-]{subsection.8.3.3}{\376\377\0008\000.\0003\000.\0003\000\040\000V\000a\000r\000i\000a\000b\000l\000e\000\040\000D\000o\000c\000u\000m\000e\000n\000t\000a\000t\000i\000o\000n}{section.8.3}% 449
\BOOKMARK [3][-]{subsubsection.8.3.3.1}{\376\377\0008\000.\0003\000.\0003\000.\0001\000\040\000A\000X\000I\000S\000\137\000C\000O\000U\000N\000T}{subsection.8.3.3}% 450
\BOOKMARK [1][-]{section.8.4}{\376\377\0008\000.\0004\000\040\000i\000n\000c\000l\000u\000d\000e\000/\000c\000o\000r\000e\000/\000T\000r\000i\000d\000i\000a\000g\000M\000a\000t\000.\000h\000p\000p\000\040\000F\000i\000l\000e\000\040\000R\000e\000f\000e\000r\000e\000n\000c\000e}{chapter.8}% 451
\BOOKMARK [1][-]{section.8.5}{\376\377\0008\000.\0005\000\040\000i\000n\000c\000l\000u\000d\000e\000/\000i\000o\000/\000i\000n\000p\000u\000t\000R\000e\000a\000d\000e\000r\000.\000h\000p\000p\000\040\000F\000i\000l\000e\000\040\000R\000e\000f\000e\000r\000e\000n\000c\000e}{chapter.8}% 452
\BOOKMARK [1][-]{section.8.6}{\376\377\0008\000.\0006\000\040\000i\000n\000c\000l\000u\000d\000e\000/\000i\000o\000/\000l\000o\000g\000W\000r\000i\000t\000e\000r\000.\000h\000p\000p\000\040\000F\000i\000l\000e\000\040\000R\000e\000f\000e\000r\000e\000n\000c\000e}{chapter.8}% 453
\BOOKMARK [1][-]{section.8.7}{\376\377\0008\000.\0007\000\040\000i\000n\000c\000l\000u\000d\000e\000/\000i\000o\000/\000V\000T\000K\000W\000r\000i\000t\000e\000r\000.\000h\000p\000p\000\040\000F\000i\000l\000e\000\040\000R\000e\000f\000e\000r\000e\000n\000c\000e}{chapter.8}% 454
\BOOKMARK [1][-]{section.8.8}{\376\377\0008\000.\0008\000\040\000i\000n\000c\000l\000u\000d\000e\000/\000m\000a\000i\000n\000.\000d\000o\000x\000\040\000F\000i\000l\000e\000\040\000R\000e\000f\000e\000r\000e\000n\000c\000e}{chapter.8}% 455
\BOOKMARK [1][-]{section.8.9}{\376\377\0008\000.\0009\000\040\000i\000n\000c\000l\000u\000d\000e\000/\000n\000u\000m\000e\000r\000i\000c\000s\000/\000d\000e\000r\000i\000v\000a\000t\000i\000v\000e\000s\000.\000h\000p\000p\000\040\000F\000i\000l\000e\000\040\000R\000e\000f\000e\000r\000e\000n\000c\000e}{chapter.8}% 456
\BOOKMARK [1][-]{section.8.10}{\376\377\0008\000.\0001\0000\000\040\000i\000n\000c\000l\000u\000d\000e\000/\000n\000u\000m\000e\000r\000i\000c\000s\000/\000L\000i\000n\000e\000a\000r\000S\000y\000s\000.\000h\000p\000p\000\040\000F\000i\000l\000e\000\040\000R\000e\000f\000e\000r\000e\000n\000c\000e}{chapter.8}% 457
\BOOKMARK [2][-]{subsection.8.10.1}{\376\377\0008\000.\0001\0000\000.\0001\000\040\000E\000n\000u\000m\000e\000r\000a\000t\000i\000o\000n\000\040\000T\000y\000p\000e\000\040\000D\000o\000c\000u\000m\000e\000n\000t\000a\000t\000i\000o\000n}{section.8.10}% 458
\BOOKMARK [3][-]{subsubsection.8.10.1.1}{\376\377\0008\000.\0001\0000\000.\0001\000.\0001\000\040\000B\000o\000u\000n\000d\000a\000r\000y\000T\000y\000p\000e}{subsection.8.10.1}% 459
\BOOKMARK [1][-]{section.8.11}{\376\377\0008\000.\0001\0001\000\040\000i\000n\000c\000l\000u\000d\000e\000/\000n\000u\000m\000e\000r\000i\000c\000s\000/\000S\000c\000h\000u\000r\000S\000e\000q\000u\000e\000n\000t\000i\000a\000l\000S\000o\000l\000v\000e\000r\000.\000h\000p\000p\000\040\000F\000i\000l\000e\000\040\000R\000e\000f\000e\000r\000e\000n\000c\000e}{chapter.8}% 460
\BOOKMARK [1][-]{section.8.12}{\376\377\0008\000.\0001\0002\000\040\000i\000n\000c\000l\000u\000d\000e\000/\000s\000i\000m\000u\000l\000a\000t\000i\000o\000n\000/\000i\000n\000i\000t\000i\000a\000l\000i\000z\000e\000r\000.\000h\000p\000p\000\040\000F\000i\000l\000e\000\040\000R\000e\000f\000e\000r\000e\000n\000c\000e}{chapter.8}% 461
\BOOKMARK [1][-]{section.8.13}{\376\377\0008\000.\0001\0003\000\040\000i\000n\000c\000l\000u\000d\000e\000/\000s\000i\000m\000u\000l\000a\000t\000i\000o\000n\000/\000N\000S\000B\000S\000o\000l\000v\000e\000r\000.\000h\000p\000p\000\040\000F\000i\000l\000e\000\040\000R\000e\000f\000e\000r\000e\000n\000c\000e}{chapter.8}% 462
\BOOKMARK [1][-]{section.8.14}{\376\377\0008\000.\0001\0004\000\040\000i\000n\000c\000l\000u\000d\000e\000/\000s\000i\000m\000u\000l\000a\000t\000i\000o\000n\000/\000p\000r\000e\000s\000s\000u\000r\000e\000S\000t\000e\000p\000.\000h\000p\000p\000\040\000F\000i\000l\000e\000\040\000R\000e\000f\000e\000r\000e\000n\000c\000e}{chapter.8}% 463
\BOOKMARK [1][-]{section.8.15}{\376\377\0008\000.\0001\0005\000\040\000i\000n\000c\000l\000u\000d\000e\000/\000s\000i\000m\000u\000l\000a\000t\000i\000o\000n\000/\000S\000i\000m\000u\000l\000a\000t\000i\000o\000n\000C\000o\000n\000t\000e\000x\000t\000.\000h\000p\000p\000\040\000F\000i\000l\000e\000\040\000R\000e\000f\000e\000r\000e\000n\000c\000e}{chapter.8}% 464
\BOOKMARK [1][-]{section.8.16}{\376\377\0008\000.\0001\0006\000\040\000i\000n\000c\000l\000u\000d\000e\000/\000s\000i\000m\000u\000l\000a\000t\000i\000o\000n\000/\000v\000i\000s\000c\000o\000u\000s\000S\000t\000e\000p\000.\000h\000p\000p\000\040\000F\000i\000l\000e\000\040\000R\000e\000f\000e\000r\000e\000n\000c\000e}{chapter.8}% 465
\BOOKMARK [1][-]{section.8.17}{\376\377\0008\000.\0001\0007\000\040\000s\000c\000r\000i\000p\000t\000s\000/\000d\000i\000s\000p\000l\000a\000y\000E\000r\000r\000o\000r\000.\000p\000y\000\040\000F\000i\000l\000e\000\040\000R\000e\000f\000e\000r\000e\000n\000c\000e}{chapter.8}% 466
\BOOKMARK [1][-]{section.8.18}{\376\377\0008\000.\0001\0008\000\040\000s\000c\000r\000i\000p\000t\000s\000/\000p\000l\000o\000t\000\137\000c\000o\000n\000v\000e\000r\000g\000e\000n\000c\000e\000.\000p\000y\000\040\000F\000i\000l\000e\000\040\000R\000e\000f\000e\000r\000e\000n\000c\000e}{chapter.8}% 467
\BOOKMARK [1][-]{section.8.19}{\376\377\0008\000.\0001\0009\000\040\000s\000c\000r\000i\000p\000t\000s\000/\000p\000l\000o\000t\000\137\000c\000o\000n\000v\000e\000r\000g\000e\000n\000c\000e\000\137\000n\000e\000w\000.\000p\000y\000\040\000F\000i\000l\000e\000\040\000R\000e\000f\000e\000r\000e\000n\000c\000e}{chapter.8}% 468
\BOOKMARK [1][-]{section.8.20}{\376\377\0008\000.\0002\0000\000\040\000s\000c\000r\000i\000p\000t\000s\000/\000r\000u\000n\000\137\000c\000o\000n\000v\000e\000r\000g\000e\000n\000c\000e\000\137\000s\000t\000u\000d\000y\000.\000p\000y\000\040\000F\000i\000l\000e\000\040\000R\000e\000f\000e\000r\000e\000n\000c\000e}{chapter.8}% 469
\BOOKMARK [1][-]{section.8.21}{\376\377\0008\000.\0002\0001\000\040\000s\000c\000r\000i\000p\000t\000s\000/\000r\000u\000n\000\137\000c\000o\000n\000v\000e\000r\000g\000e\000n\000c\000e\000\137\000s\000t\000u\000d\000y\000\137\000n\000e\000w\000.\000p\000y\000\040\000F\000i\000l\000e\000\040\000R\000e\000f\000e\000r\000e\000n\000c\000e}{chapter.8}% 470
\BOOKMARK [1][-]{section.8.22}{\376\377\0008\000.\0002\0002\000\040\000s\000r\000c\000/\000c\000o\000r\000e\000/\000F\000i\000e\000l\000d\000s\000.\000c\000p\000p\000\040\000F\000i\000l\000e\000\040\000R\000e\000f\000e\000r\000e\000n\000c\000e}{chapter.8}% 471
\BOOKMARK [1][-]{section.8.23}{\376\377\0008\000.\0002\0003\000\040\000s\000r\000c\000/\000c\000o\000r\000e\000/\000T\000r\000i\000d\000i\000a\000g\000M\000a\000t\000.\000c\000p\000p\000\040\000F\000i\000l\000e\000\040\000R\000e\000f\000e\000r\000e\000n\000c\000e}{chapter.8}% 472
\BOOKMARK [1][-]{section.8.24}{\376\377\0008\000.\0002\0004\000\040\000s\000r\000c\000/\000i\000o\000/\000i\000n\000p\000u\000t\000R\000e\000a\000d\000e\000r\000.\000c\000p\000p\000\040\000F\000i\000l\000e\000\040\000R\000e\000f\000e\000r\000e\000n\000c\000e}{chapter.8}% 473
\BOOKMARK [2][-]{subsection.8.24.1}{\376\377\0008\000.\0002\0004\000.\0001\000\040\000T\000y\000p\000e\000d\000e\000f\000\040\000D\000o\000c\000u\000m\000e\000n\000t\000a\000t\000i\000o\000n}{section.8.24}% 474
\BOOKMARK [3][-]{subsubsection.8.24.1.1}{\376\377\0008\000.\0002\0004\000.\0001\000.\0001\000\040\000j\000s\000o\000n}{subsection.8.24.1}% 475
\BOOKMARK [1][-]{section.8.25}{\376\377\0008\000.\0002\0005\000\040\000s\000r\000c\000/\000i\000o\000/\000l\000o\000g\000W\000r\000i\000t\000e\000r\000.\000c\000p\000p\000\040\000F\000i\000l\000e\000\040\000R\000e\000f\000e\000r\000e\000n\000c\000e}{chapter.8}% 476
\BOOKMARK [1][-]{section.8.26}{\376\377\0008\000.\0002\0006\000\040\000s\000r\000c\000/\000i\000o\000/\000V\000T\000K\000W\000r\000i\000t\000e\000r\000.\000c\000p\000p\000\040\000F\000i\000l\000e\000\040\000R\000e\000f\000e\000r\000e\000n\000c\000e}{chapter.8}% 477
\BOOKMARK [1][-]{section.8.27}{\376\377\0008\000.\0002\0007\000\040\000s\000r\000c\000/\000m\000a\000i\000n\000.\000c\000p\000p\000\040\000F\000i\000l\000e\000\040\000R\000e\000f\000e\000r\000e\000n\000c\000e}{chapter.8}% 478
\BOOKMARK [2][-]{subsection.8.27.1}{\376\377\0008\000.\0002\0007\000.\0001\000\040\000F\000u\000n\000c\000t\000i\000o\000n\000\040\000D\000o\000c\000u\000m\000e\000n\000t\000a\000t\000i\000o\000n}{section.8.27}% 479
\BOOKMARK [3][-]{subsubsection.8.27.1.1}{\376\377\0008\000.\0002\0007\000.\0001\000.\0001\000\040\000m\000a\000i\000n\000\050\000\051}{subsection.8.27.1}% 480
\BOOKMARK [1][-]{section.8.28}{\376\377\0008\000.\0002\0008\000\040\000s\000r\000c\000/\000n\000u\000m\000e\000r\000i\000c\000s\000/\000d\000e\000r\000i\000v\000a\000t\000i\000v\000e\000s\000.\000c\000p\000p\000\040\000F\000i\000l\000e\000\040\000R\000e\000f\000e\000r\000e\000n\000c\000e}{chapter.8}% 481
\BOOKMARK [1][-]{section.8.29}{\376\377\0008\000.\0002\0009\000\040\000s\000r\000c\000/\000n\000u\000m\000e\000r\000i\000c\000s\000/\000d\000e\000r\000i\000v\000a\000t\000i\000v\000e\000s\000O\000p\000t\000.\000c\000p\000p\000\040\000F\000i\000l\000e\000\040\000R\000e\000f\000e\000r\000e\000n\000c\000e}{chapter.8}% 482
\BOOKMARK [1][-]{section.8.30}{\376\377\0008\000.\0003\0000\000\040\000s\000r\000c\000/\000n\000u\000m\000e\000r\000i\000c\000s\000/\000L\000i\000n\000e\000a\000r\000S\000y\000s\000.\000c\000p\000p\000\040\000F\000i\000l\000e\000\040\000R\000e\000f\000e\000r\000e\000n\000c\000e}{chapter.8}% 483
\BOOKMARK [1][-]{section.8.31}{\376\377\0008\000.\0003\0001\000\040\000s\000r\000c\000/\000n\000u\000m\000e\000r\000i\000c\000s\000/\000S\000c\000h\000u\000r\000S\000e\000q\000u\000e\000n\000t\000i\000a\000l\000S\000o\000l\000v\000e\000r\000.\000c\000p\000p\000\040\000F\000i\000l\000e\000\040\000R\000e\000f\000e\000r\000e\000n\000c\000e}{chapter.8}% 484
\BOOKMARK [1][-]{section.8.32}{\376\377\0008\000.\0003\0002\000\040\000s\000r\000c\000/\000s\000i\000m\000u\000l\000a\000t\000i\000o\000n\000/\000i\000n\000i\000t\000i\000a\000l\000i\000z\000e\000r\000.\000c\000p\000p\000\040\000F\000i\000l\000e\000\040\000R\000e\000f\000e\000r\000e\000n\000c\000e}{chapter.8}% 485
\BOOKMARK [1][-]{section.8.33}{\376\377\0008\000.\0003\0003\000\040\000s\000r\000c\000/\000s\000i\000m\000u\000l\000a\000t\000i\000o\000n\000/\000N\000S\000B\000S\000o\000l\000v\000e\000r\000.\000c\000p\000p\000\040\000F\000i\000l\000e\000\040\000R\000e\000f\000e\000r\000e\000n\000c\000e}{chapter.8}% 486
\BOOKMARK [1][-]{section.8.34}{\376\377\0008\000.\0003\0004\000\040\000s\000r\000c\000/\000s\000i\000m\000u\000l\000a\000t\000i\000o\000n\000/\000p\000r\000e\000s\000s\000u\000r\000e\000S\000t\000e\000p\000.\000c\000p\000p\000\040\000F\000i\000l\000e\000\040\000R\000e\000f\000e\000r\000e\000n\000c\000e}{chapter.8}% 487
\BOOKMARK [1][-]{section.8.35}{\376\377\0008\000.\0003\0005\000\040\000s\000r\000c\000/\000s\000i\000m\000u\000l\000a\000t\000i\000o\000n\000/\000v\000i\000s\000c\000o\000u\000s\000S\000t\000e\000p\000.\000c\000p\000p\000\040\000F\000i\000l\000e\000\040\000R\000e\000f\000e\000r\000e\000n\000c\000e}{chapter.8}% 488
